#
# A fatal error has been detected by the Java Runtime Environment:
#
#  Internal Error (signature.cpp:53), pid=3113, tid=6147
#  fatal error: expecting (
#
# JRE version: OpenJDK Runtime Environment (11.0.11+9) (build 11.0.11+9-LTS)
# Java VM: OpenJDK 64-Bit Server VM (11.0.11+9-LTS, mixed mode, tiered, compressed oops, g1 gc, bsd-aarch64)
# No core dump will be written. Core dumps have been disabled. To enable core dumping, try "ulimit -c unlimited" before starting Java again
#
# If you would like to submit a bug report, please visit:
#   https://bell-sw.com/support
#

---------------  S U M M A R Y ------------

Command Line: -XX:TieredStopAtLevel=1 -Xverify:none -Dspring.output.ansi.enabled=always -javaagent:/Applications/IntelliJ IDEA.app/Contents/lib/idea_rt.jar=59903:/Applications/IntelliJ IDEA.app/Contents/bin -Dcom.sun.management.jmxremote -Dspring.jmx.enabled=true -Dspring.liveBeansView.mbeanDomain -Dspring.application.admin.enabled=true -Dfile.encoding=UTF-8 com.codeup.catdemo.CatdemoApplication

Host: Macmini9,1 arm64 1 MHz, 8 cores, 8G, Darwin 20.5.0
Time: Thu Jul  8 14:11:17 2021 CDT elapsed time: 1.535845 seconds (0d 0h 0m 1s)

---------------  T H R E A D  ---------------

Current thread (0x0000000145809800):  JavaThread "main" [_thread_in_vm, id=6147, stack(0x000000016d514000,0x000000016d717000)]

Stack: [0x000000016d514000,0x000000016d717000],  sp=0x000000016d713d10,  free space=2047k
Native frames: (J=compiled Java code, A=aot compiled Java code, j=interpreted, Vv=VM code, C=native code)
V  [libjvm.dylib+0x6b87e8]  VMError::report_and_die(int, char const*, char const*, char*, Thread*, unsigned char*, void*, void*, char const*, int, unsigned long)+0x5f8
V  [libjvm.dylib+0x6b8ed8]  VMError::report_and_die(Thread*, void*, char const*, int, char const*, char const*, char*)+0x40
V  [libjvm.dylib+0x1fcc78]  report_fatal(char const*, int, char const*, ...)+0x58
V  [libjvm.dylib+0x5ff64c]  SignatureIterator::expect(char)+0x4c
V  [libjvm.dylib+0x5ffbc0]  SignatureIterator::iterate_returntype()+0x28
V  [libjvm.dylib+0x174c6c]  ClassFileParser::parse_method(ClassFileStream const*, bool, ConstantPool const*, AccessFlags*, Thread*)+0x1370
V  [libjvm.dylib+0x1752b8]  ClassFileParser::parse_methods(ClassFileStream const*, bool, AccessFlags*, bool*, bool*, Thread*)+0x118
V  [libjvm.dylib+0x17a51c]  ClassFileParser::parse_stream(ClassFileStream const*, Thread*)+0x7cc
V  [libjvm.dylib+0x179d18]  ClassFileParser::ClassFileParser(ClassFileStream*, Symbol*, ClassLoaderData*, Handle, InstanceKlass const*, GrowableArray<Handle>*, ClassFileParser::Publicity, Thread*)+0x238
V  [libjvm.dylib+0x477580]  KlassFactory::create_from_stream(ClassFileStream*, Symbol*, ClassLoaderData*, Handle, InstanceKlass const*, GrowableArray<Handle>*, Thread*)+0xc0
V  [libjvm.dylib+0x64e484]  SystemDictionary::resolve_from_stream(Symbol*, Handle, Handle, ClassFileStream*, Thread*)+0x114
V  [libjvm.dylib+0x3aca98]  jvm_define_class_common(JNIEnv_*, char const*, _jobject*, signed char const*, int, _jobject*, char const*, Thread*)+0x264
V  [libjvm.dylib+0x3acc28]  JVM_DefineClassWithSource+0x10c
C  [libjava.dylib+0x2270]  Java_java_lang_ClassLoader_defineClass1+0x184
J 1365  java.lang.ClassLoader.defineClass1(Ljava/lang/ClassLoader;Ljava/lang/String;[BIILjava/security/ProtectionDomain;Ljava/lang/String;)Ljava/lang/Class; java.base@11.0.11 (0 bytes) @ 0x000000011227a61c [0x000000011227a540+0x00000000000000dc]
C  0x0000000000001c00

Java frames: (J=compiled Java code, j=interpreted, Vv=VM code)
J 1365  java.lang.ClassLoader.defineClass1(Ljava/lang/ClassLoader;Ljava/lang/String;[BIILjava/security/ProtectionDomain;Ljava/lang/String;)Ljava/lang/Class; java.base@11.0.11 (0 bytes) @ 0x000000011227a620 [0x000000011227a540+0x00000000000000e0]
J 1364 c1 java.lang.ClassLoader.defineClass(Ljava/lang/String;[BIILjava/security/ProtectionDomain;)Ljava/lang/Class; java.base@11.0.11 (43 bytes) @ 0x00000001122840ec [0x0000000112284000+0x00000000000000ec]
J 1354 c1 jdk.internal.loader.BuiltinClassLoader.defineClass(Ljava/lang/String;Ljdk/internal/loader/Resource;)Ljava/lang/Class; java.base@11.0.11 (121 bytes) @ 0x0000000112280430 [0x000000011227ff80+0x00000000000004b0]
J 1224 c1 jdk.internal.loader.BuiltinClassLoader.findClassOnClassPathOrNull(Ljava/lang/String;)Ljava/lang/Class; java.base@11.0.11 (64 bytes) @ 0x0000000112249e34 [0x0000000112249d40+0x00000000000000f4]
J 1083 c1 jdk.internal.loader.BuiltinClassLoader.loadClassOrNull(Ljava/lang/String;Z)Ljava/lang/Class; java.base@11.0.11 (143 bytes) @ 0x00000001121fe510 [0x00000001121fe0c0+0x0000000000000450]
J 1151 c1 jdk.internal.loader.ClassLoaders$AppClassLoader.loadClass(Ljava/lang/String;Z)Ljava/lang/Class; java.base@11.0.11 (40 bytes) @ 0x00000001122275f0 [0x00000001122274c0+0x0000000000000130]
J 1148 c1 java.lang.ClassLoader.loadClass(Ljava/lang/String;)Ljava/lang/Class; java.base@11.0.11 (7 bytes) @ 0x0000000112226828 [0x00000001122267c0+0x0000000000000068]
v  ~StubRoutines::call_stub
J 2868  java.lang.Class.getDeclaredMethods0(Z)[Ljava/lang/reflect/Method; java.base@11.0.11 (0 bytes) @ 0x0000000112511340 [0x00000001125112c0+0x0000000000000080]
J 1872 c1 java.lang.Class.privateGetDeclaredMethods(Z)[Ljava/lang/reflect/Method; java.base@11.0.11 (64 bytes) @ 0x0000000112349590 [0x00000001123494c0+0x00000000000000d0]
J 3044 c1 org.springframework.util.ReflectionUtils.getDeclaredMethods(Ljava/lang/Class;Z)[Ljava/lang/reflect/Method; (209 bytes) @ 0x0000000112579450 [0x0000000112579380+0x00000000000000d0]
J 3223 c1 org.springframework.util.ReflectionUtils.doWithLocalMethods(Ljava/lang/Class;Lorg/springframework/util/ReflectionUtils$MethodCallback;)V (89 bytes) @ 0x00000001125ca220 [0x00000001125ca200+0x0000000000000020]
j  org.springframework.orm.jpa.support.PersistenceAnnotationBeanPostProcessor.buildPersistenceMetadata(Ljava/lang/Class;)Lorg/springframework/beans/factory/annotation/InjectionMetadata;+69
j  org.springframework.orm.jpa.support.PersistenceAnnotationBeanPostProcessor.findPersistenceMetadata(Ljava/lang/String;Ljava/lang/Class;Lorg/springframework/beans/PropertyValues;)Lorg/springframework/beans/factory/annotation/InjectionMetadata;+88
j  org.springframework.orm.jpa.support.PersistenceAnnotationBeanPostProcessor.postProcessMergedBeanDefinition(Lorg/springframework/beans/factory/support/RootBeanDefinition;Ljava/lang/Class;Ljava/lang/String;)V+4
j  org.springframework.beans.factory.support.AbstractAutowireCapableBeanFactory.applyMergedBeanDefinitionPostProcessors(Lorg/springframework/beans/factory/support/RootBeanDefinition;Ljava/lang/Class;Ljava/lang/String;)V+41
j  org.springframework.beans.factory.support.AbstractAutowireCapableBeanFactory.doCreateBean(Ljava/lang/String;Lorg/springframework/beans/factory/support/RootBeanDefinition;[Ljava/lang/Object;)Ljava/lang/Object;+90
j  org.springframework.beans.factory.support.AbstractAutowireCapableBeanFactory.createBean(Ljava/lang/String;Lorg/springframework/beans/factory/support/RootBeanDefinition;[Ljava/lang/Object;)Ljava/lang/Object;+169
j  org.springframework.beans.factory.support.AbstractBeanFactory.lambda$doGetBean$0(Ljava/lang/String;Lorg/springframework/beans/factory/support/RootBeanDefinition;[Ljava/lang/Object;)Ljava/lang/Object;+4
j  org.springframework.beans.factory.support.AbstractBeanFactory$$Lambda$290.getObject()Ljava/lang/Object;+16
j  org.springframework.beans.factory.support.DefaultSingletonBeanRegistry.getSingleton(Ljava/lang/String;Lorg/springframework/beans/factory/ObjectFactory;)Ljava/lang/Object;+132
J 2820 c1 org.springframework.beans.factory.support.AbstractBeanFactory.doGetBean(Ljava/lang/String;Ljava/lang/Class;[Ljava/lang/Object;Z)Ljava/lang/Object; (832 bytes) @ 0x00000001124f6b34 [0x00000001124f6600+0x0000000000000534]
j  org.springframework.beans.factory.support.AbstractBeanFactory.getBean(Ljava/lang/String;)Ljava/lang/Object;+5
j  org.springframework.beans.factory.support.DefaultListableBeanFactory.preInstantiateSingletons()V+248
j  org.springframework.context.support.AbstractApplicationContext.finishBeanFactoryInitialization(Lorg/springframework/beans/factory/config/ConfigurableListableBeanFactory;)V+124
j  org.springframework.context.support.AbstractApplicationContext.refresh()V+86
j  org.springframework.boot.web.servlet.context.ServletWebServerApplicationContext.refresh()V+1
j  org.springframework.boot.SpringApplication.refresh(Lorg/springframework/context/ConfigurableApplicationContext;)V+1
j  org.springframework.boot.SpringApplication.refreshContext(Lorg/springframework/context/ConfigurableApplicationContext;)V+16
j  org.springframework.boot.SpringApplication.run([Ljava/lang/String;)Lorg/springframework/context/ConfigurableApplicationContext;+111
j  org.springframework.boot.SpringApplication.run([Ljava/lang/Class;[Ljava/lang/String;)Lorg/springframework/context/ConfigurableApplicationContext;+9
j  org.springframework.boot.SpringApplication.run(Ljava/lang/Class;[Ljava/lang/String;)Lorg/springframework/context/ConfigurableApplicationContext;+9
j  com.codeup.catdemo.CatdemoApplication.main([Ljava/lang/String;)V+3
v  ~StubRoutines::call_stub

---------------  P R O C E S S  ---------------

Threads class SMR info:
_java_thread_list=0x0000000136504320, length=19, elements={
0x0000000145809800, 0x0000000146013000, 0x0000000146016000, 0x000000014600e800,
0x000000014601d000, 0x000000013300a800, 0x000000013300b800, 0x0000000147057800,
0x000000014708f000, 0x0000000146182800, 0x0000000145cbc800, 0x0000000147ace000,
0x0000000147a7a800, 0x0000000147b2a800, 0x0000000145cc3000, 0x0000000147b42000,
0x0000000145ba5800, 0x0000000145cf7800, 0x00000001471d5000
}

Java Threads: ( => current thread )
=>0x0000000145809800 JavaThread "main" [_thread_in_vm, id=6147, stack(0x000000016d514000,0x000000016d717000)]
  0x0000000146013000 JavaThread "Reference Handler" daemon [_thread_blocked, id=18435, stack(0x000000016e368000,0x000000016e56b000)]
  0x0000000146016000 JavaThread "Finalizer" daemon [_thread_blocked, id=17923, stack(0x000000016e574000,0x000000016e777000)]
  0x000000014600e800 JavaThread "Signal Dispatcher" daemon [_thread_blocked, id=16643, stack(0x000000016e898000,0x000000016ea9b000)]
  0x000000014601d000 JavaThread "Service Thread" daemon [_thread_blocked, id=43267, stack(0x000000016eaa4000,0x000000016eca7000)]
  0x000000013300a800 JavaThread "C1 CompilerThread0" daemon [_thread_blocked, id=42499, stack(0x000000016ecb0000,0x000000016eeb3000)]
  0x000000013300b800 JavaThread "Sweeper thread" daemon [_thread_blocked, id=41731, stack(0x000000016eebc000,0x000000016f0bf000)]
  0x0000000147057800 JavaThread "Common-Cleaner" daemon [_thread_blocked, id=40963, stack(0x000000016f0c8000,0x000000016f2cb000)]
  0x000000014708f000 JavaThread "Monitor Ctrl-Break" daemon [_thread_in_native, id=22531, stack(0x000000016f2d4000,0x000000016f4d7000)]
  0x0000000146182800 JavaThread "RMI TCP Accept-0" daemon [_thread_in_native, id=40451, stack(0x000000016f4e0000,0x000000016f6e3000)]
  0x0000000145cbc800 JavaThread "Catalina-utility-1" [_thread_blocked, id=39179, stack(0x000000016fd10000,0x000000016ff13000)]
  0x0000000147ace000 JavaThread "Catalina-utility-2" [_thread_blocked, id=37891, stack(0x0000000170334000,0x0000000170537000)]
  0x0000000147a7a800 JavaThread "container-0" [_thread_blocked, id=37379, stack(0x0000000170540000,0x0000000170743000)]
  0x0000000147b2a800 JavaThread "mysql-cj-abandoned-connection-cleanup" daemon [_thread_blocked, id=36867, stack(0x000000017074c000,0x000000017094f000)]
  0x0000000145cc3000 JavaThread "Attach Listener" daemon [_thread_blocked, id=25347, stack(0x0000000170958000,0x0000000170b5b000)]
  0x0000000147b42000 JavaThread "RMI TCP Connection(1)-192.168.86.30" daemon [_thread_in_native, id=25859, stack(0x0000000170b64000,0x0000000170d67000)]
  0x0000000145ba5800 JavaThread "RMI Scheduler(0)" daemon [_thread_blocked, id=26371, stack(0x0000000170d70000,0x0000000170f73000)]
  0x0000000145cf7800 JavaThread "HikariPool-1 housekeeper" daemon [_thread_blocked, id=28419, stack(0x00000001717ac000,0x00000001719af000)]
  0x00000001471d5000 JavaThread "HikariPool-1 connection adder" daemon [_thread_blocked, id=35075, stack(0x00000001719b8000,0x0000000171bbb000)]

Other Threads:
  0x0000000146010000 VMThread "VM Thread" [stack: 0x000000016e15c000,0x000000016e35f000] [id=18947]
  0x000000013081c000 WatcherThread [stack: 0x000000016f6ec000,0x000000016f8ef000] [id=40195]
  0x000000014581b000 GCTaskThread "GC Thread#0" [stack: 0x000000016d720000,0x000000016d923000] [id=11779]
  0x0000000147a54800 GCTaskThread "GC Thread#1" [stack: 0x000000016f8f8000,0x000000016fafb000] [id=23299]
  0x0000000147a37000 GCTaskThread "GC Thread#2" [stack: 0x000000016fb04000,0x000000016fd07000] [id=39683]
  0x00000001462ce800 GCTaskThread "GC Thread#3" [stack: 0x000000016ff1c000,0x000000017011f000] [id=38403]
  0x0000000145cc2000 GCTaskThread "GC Thread#4" [stack: 0x0000000170f7c000,0x000000017117f000] [id=35847]
  0x0000000145cda000 GCTaskThread "GC Thread#5" [stack: 0x0000000171188000,0x000000017138b000] [id=26887]
  0x0000000147b07800 GCTaskThread "GC Thread#6" [stack: 0x0000000171394000,0x0000000171597000] [id=35587]
  0x0000000147b45000 GCTaskThread "GC Thread#7" [stack: 0x00000001715a0000,0x00000001717a3000] [id=27907]
  0x000000014584a800 ConcurrentGCThread "G1 Main Marker" [stack: 0x000000016d92c000,0x000000016db2f000] [id=20739]
  0x000000014584b000 ConcurrentGCThread "G1 Conc#0" [stack: 0x000000016db38000,0x000000016dd3b000] [id=12291]
  0x000000013380a800 ConcurrentGCThread "G1 Conc#1" [stack: 0x0000000170128000,0x000000017032b000] [id=23811]
  0x00000001458ac000 ConcurrentGCThread "G1 Refine#0" [stack: 0x000000016dd44000,0x000000016df47000] [id=12803]
  0x00000001458ac800 ConcurrentGCThread "G1 Young RemSet Sampling" [stack: 0x000000016df50000,0x000000016e153000] [id=19971]

Threads with active compile tasks:

VM state:not at safepoint (normal execution)

VM Mutex/Monitor currently owned by a thread: None

Heap address: 0x0000000740000000, size: 2048 MB, Compressed Oops mode: Zero based, Oop shift amount: 3
Narrow klass base: 0x0000000800000000, Narrow klass shift: 0
Compressed class space size: 1073741824 Address: 0x0000000800000000

Heap:
 garbage-first heap   total 157696K, used 51087K [0x0000000740000000, 0x00000007c0000000)
  region size 1024K, 42 young (43008K), 10 survivors (10240K)
 Metaspace       used 52202K, capacity 53844K, committed 54016K, reserved 1095680K
  class space    used 6815K, capacity 7460K, committed 7552K, reserved 1048576K
Heap Regions: E=young(eden), S=young(survivor), O=old, HS=humongous(starts), HC=humongous(continues), CS=collection set, F=free, A=archive, TAMS=top-at-mark-start (previous, next)
|   0|0x0000000740000000, 0x0000000740100000, 0x0000000740100000|100%|HS|  |TAMS 0x0000000740100000, 0x0000000740000000| Complete 
|   1|0x0000000740100000, 0x0000000740200000, 0x0000000740200000|100%| O|  |TAMS 0x0000000740200000, 0x0000000740100000| Untracked 
|   2|0x0000000740200000, 0x0000000740300000, 0x0000000740300000|100%| O|  |TAMS 0x0000000740300000, 0x0000000740200000| Untracked 
|   3|0x0000000740300000, 0x0000000740400000, 0x0000000740400000|100%| O|  |TAMS 0x0000000740400000, 0x0000000740300000| Untracked 
|   4|0x0000000740400000, 0x0000000740500000, 0x0000000740500000|100%| O|  |TAMS 0x0000000740500000, 0x0000000740400000| Untracked 
|   5|0x0000000740500000, 0x0000000740600000, 0x0000000740600000|100%| O|  |TAMS 0x0000000740600000, 0x0000000740500000| Untracked 
|   6|0x0000000740600000, 0x0000000740700000, 0x0000000740700000|100%| O|  |TAMS 0x0000000740700000, 0x0000000740600000| Untracked 
|   7|0x0000000740700000, 0x0000000740800000, 0x0000000740800000|100%| O|  |TAMS 0x0000000740800000, 0x0000000740700000| Untracked 
|   8|0x0000000740800000, 0x00000007408e3e00, 0x0000000740900000| 89%| O|  |TAMS 0x00000007408e3e00, 0x0000000740800000| Untracked 
|   9|0x0000000740900000, 0x0000000740900000, 0x0000000740a00000|  0%| F|  |TAMS 0x0000000740900000, 0x0000000740900000| Untracked 
|  10|0x0000000740a00000, 0x0000000740a00000, 0x0000000740b00000|  0%| F|  |TAMS 0x0000000740a00000, 0x0000000740a00000| Untracked 
|  11|0x0000000740b00000, 0x0000000740b00000, 0x0000000740c00000|  0%| F|  |TAMS 0x0000000740b00000, 0x0000000740b00000| Untracked 
|  12|0x0000000740c00000, 0x0000000740c00000, 0x0000000740d00000|  0%| F|  |TAMS 0x0000000740c00000, 0x0000000740c00000| Untracked 
|  13|0x0000000740d00000, 0x0000000740d00000, 0x0000000740e00000|  0%| F|  |TAMS 0x0000000740d00000, 0x0000000740d00000| Untracked 
|  14|0x0000000740e00000, 0x0000000740e00000, 0x0000000740f00000|  0%| F|  |TAMS 0x0000000740e00000, 0x0000000740e00000| Untracked 
|  15|0x0000000740f00000, 0x0000000740f00000, 0x0000000741000000|  0%| F|  |TAMS 0x0000000740f00000, 0x0000000740f00000| Untracked 
|  16|0x0000000741000000, 0x0000000741000000, 0x0000000741100000|  0%| F|  |TAMS 0x0000000741000000, 0x0000000741000000| Untracked 
|  17|0x0000000741100000, 0x0000000741100000, 0x0000000741200000|  0%| F|  |TAMS 0x0000000741100000, 0x0000000741100000| Untracked 
|  18|0x0000000741200000, 0x0000000741200000, 0x0000000741300000|  0%| F|  |TAMS 0x0000000741200000, 0x0000000741200000| Untracked 
|  19|0x0000000741300000, 0x0000000741300000, 0x0000000741400000|  0%| F|  |TAMS 0x0000000741300000, 0x0000000741300000| Untracked 
|  20|0x0000000741400000, 0x0000000741400000, 0x0000000741500000|  0%| F|  |TAMS 0x0000000741400000, 0x0000000741400000| Untracked 
|  21|0x0000000741500000, 0x0000000741500000, 0x0000000741600000|  0%| F|  |TAMS 0x0000000741500000, 0x0000000741500000| Untracked 
|  22|0x0000000741600000, 0x0000000741600000, 0x0000000741700000|  0%| F|  |TAMS 0x0000000741600000, 0x0000000741600000| Untracked 
|  23|0x0000000741700000, 0x0000000741700000, 0x0000000741800000|  0%| F|  |TAMS 0x0000000741700000, 0x0000000741700000| Untracked 
|  24|0x0000000741800000, 0x0000000741800000, 0x0000000741900000|  0%| F|  |TAMS 0x0000000741800000, 0x0000000741800000| Untracked 
|  25|0x0000000741900000, 0x0000000741900000, 0x0000000741a00000|  0%| F|  |TAMS 0x0000000741900000, 0x0000000741900000| Untracked 
|  26|0x0000000741a00000, 0x0000000741a00000, 0x0000000741b00000|  0%| F|  |TAMS 0x0000000741a00000, 0x0000000741a00000| Untracked 
|  27|0x0000000741b00000, 0x0000000741b00000, 0x0000000741c00000|  0%| F|  |TAMS 0x0000000741b00000, 0x0000000741b00000| Untracked 
|  28|0x0000000741c00000, 0x0000000741c00000, 0x0000000741d00000|  0%| F|  |TAMS 0x0000000741c00000, 0x0000000741c00000| Untracked 
|  29|0x0000000741d00000, 0x0000000741d00000, 0x0000000741e00000|  0%| F|  |TAMS 0x0000000741d00000, 0x0000000741d00000| Untracked 
|  30|0x0000000741e00000, 0x0000000741e00000, 0x0000000741f00000|  0%| F|  |TAMS 0x0000000741e00000, 0x0000000741e00000| Untracked 
|  31|0x0000000741f00000, 0x0000000741f00000, 0x0000000742000000|  0%| F|  |TAMS 0x0000000741f00000, 0x0000000741f00000| Untracked 
|  32|0x0000000742000000, 0x0000000742000000, 0x0000000742100000|  0%| F|  |TAMS 0x0000000742000000, 0x0000000742000000| Untracked 
|  33|0x0000000742100000, 0x0000000742100000, 0x0000000742200000|  0%| F|  |TAMS 0x0000000742100000, 0x0000000742100000| Untracked 
|  34|0x0000000742200000, 0x0000000742200000, 0x0000000742300000|  0%| F|  |TAMS 0x0000000742200000, 0x0000000742200000| Untracked 
|  35|0x0000000742300000, 0x0000000742300000, 0x0000000742400000|  0%| F|  |TAMS 0x0000000742300000, 0x0000000742300000| Untracked 
|  36|0x0000000742400000, 0x0000000742400000, 0x0000000742500000|  0%| F|  |TAMS 0x0000000742400000, 0x0000000742400000| Untracked 
|  37|0x0000000742500000, 0x0000000742500000, 0x0000000742600000|  0%| F|  |TAMS 0x0000000742500000, 0x0000000742500000| Untracked 
|  38|0x0000000742600000, 0x0000000742600000, 0x0000000742700000|  0%| F|  |TAMS 0x0000000742600000, 0x0000000742600000| Untracked 
|  39|0x0000000742700000, 0x0000000742700000, 0x0000000742800000|  0%| F|  |TAMS 0x0000000742700000, 0x0000000742700000| Untracked 
|  40|0x0000000742800000, 0x0000000742800000, 0x0000000742900000|  0%| F|  |TAMS 0x0000000742800000, 0x0000000742800000| Untracked 
|  41|0x0000000742900000, 0x0000000742900000, 0x0000000742a00000|  0%| F|  |TAMS 0x0000000742900000, 0x0000000742900000| Untracked 
|  42|0x0000000742a00000, 0x0000000742a00000, 0x0000000742b00000|  0%| F|  |TAMS 0x0000000742a00000, 0x0000000742a00000| Untracked 
|  43|0x0000000742b00000, 0x0000000742b00000, 0x0000000742c00000|  0%| F|  |TAMS 0x0000000742b00000, 0x0000000742b00000| Untracked 
|  44|0x0000000742c00000, 0x0000000742c00000, 0x0000000742d00000|  0%| F|  |TAMS 0x0000000742c00000, 0x0000000742c00000| Untracked 
|  45|0x0000000742d00000, 0x0000000742d00000, 0x0000000742e00000|  0%| F|  |TAMS 0x0000000742d00000, 0x0000000742d00000| Untracked 
|  46|0x0000000742e00000, 0x0000000742e00000, 0x0000000742f00000|  0%| F|  |TAMS 0x0000000742e00000, 0x0000000742e00000| Untracked 
|  47|0x0000000742f00000, 0x0000000742f00000, 0x0000000743000000|  0%| F|  |TAMS 0x0000000742f00000, 0x0000000742f00000| Untracked 
|  48|0x0000000743000000, 0x0000000743000000, 0x0000000743100000|  0%| F|  |TAMS 0x0000000743000000, 0x0000000743000000| Untracked 
|  49|0x0000000743100000, 0x0000000743100000, 0x0000000743200000|  0%| F|  |TAMS 0x0000000743100000, 0x0000000743100000| Untracked 
|  50|0x0000000743200000, 0x0000000743200000, 0x0000000743300000|  0%| F|  |TAMS 0x0000000743200000, 0x0000000743200000| Untracked 
|  51|0x0000000743300000, 0x0000000743300000, 0x0000000743400000|  0%| F|  |TAMS 0x0000000743300000, 0x0000000743300000| Untracked 
|  52|0x0000000743400000, 0x0000000743400000, 0x0000000743500000|  0%| F|  |TAMS 0x0000000743400000, 0x0000000743400000| Untracked 
|  53|0x0000000743500000, 0x0000000743500000, 0x0000000743600000|  0%| F|  |TAMS 0x0000000743500000, 0x0000000743500000| Untracked 
|  54|0x0000000743600000, 0x0000000743600000, 0x0000000743700000|  0%| F|  |TAMS 0x0000000743600000, 0x0000000743600000| Untracked 
|  55|0x0000000743700000, 0x0000000743800000, 0x0000000743800000|100%| S|CS|TAMS 0x0000000743700000, 0x0000000743700000| Complete 
|  56|0x0000000743800000, 0x0000000743900000, 0x0000000743900000|100%| S|CS|TAMS 0x0000000743800000, 0x0000000743800000| Complete 
|  57|0x0000000743900000, 0x0000000743a00000, 0x0000000743a00000|100%| S|CS|TAMS 0x0000000743900000, 0x0000000743900000| Complete 
|  58|0x0000000743a00000, 0x0000000743b00000, 0x0000000743b00000|100%| S|CS|TAMS 0x0000000743a00000, 0x0000000743a00000| Complete 
|  59|0x0000000743b00000, 0x0000000743c00000, 0x0000000743c00000|100%| S|CS|TAMS 0x0000000743b00000, 0x0000000743b00000| Complete 
|  60|0x0000000743c00000, 0x0000000743d00000, 0x0000000743d00000|100%| S|CS|TAMS 0x0000000743c00000, 0x0000000743c00000| Complete 
|  61|0x0000000743d00000, 0x0000000743e00000, 0x0000000743e00000|100%| S|CS|TAMS 0x0000000743d00000, 0x0000000743d00000| Complete 
|  62|0x0000000743e00000, 0x0000000743f00000, 0x0000000743f00000|100%| S|CS|TAMS 0x0000000743e00000, 0x0000000743e00000| Complete 
|  63|0x0000000743f00000, 0x0000000744000000, 0x0000000744000000|100%| S|CS|TAMS 0x0000000743f00000, 0x0000000743f00000| Complete 
|  64|0x0000000744000000, 0x0000000744100000, 0x0000000744100000|100%| S|CS|TAMS 0x0000000744000000, 0x0000000744000000| Complete 
|  65|0x0000000744100000, 0x0000000744100000, 0x0000000744200000|  0%| F|  |TAMS 0x0000000744100000, 0x0000000744100000| Untracked 
|  66|0x0000000744200000, 0x0000000744200000, 0x0000000744300000|  0%| F|  |TAMS 0x0000000744200000, 0x0000000744200000| Untracked 
|  67|0x0000000744300000, 0x0000000744300000, 0x0000000744400000|  0%| F|  |TAMS 0x0000000744300000, 0x0000000744300000| Untracked 
|  68|0x0000000744400000, 0x0000000744400000, 0x0000000744500000|  0%| F|  |TAMS 0x0000000744400000, 0x0000000744400000| Untracked 
|  69|0x0000000744500000, 0x0000000744500000, 0x0000000744600000|  0%| F|  |TAMS 0x0000000744500000, 0x0000000744500000| Untracked 
|  70|0x0000000744600000, 0x0000000744600000, 0x0000000744700000|  0%| F|  |TAMS 0x0000000744600000, 0x0000000744600000| Untracked 
|  71|0x0000000744700000, 0x0000000744700000, 0x0000000744800000|  0%| F|  |TAMS 0x0000000744700000, 0x0000000744700000| Untracked 
|  72|0x0000000744800000, 0x0000000744800000, 0x0000000744900000|  0%| F|  |TAMS 0x0000000744800000, 0x0000000744800000| Untracked 
|  73|0x0000000744900000, 0x0000000744900000, 0x0000000744a00000|  0%| F|  |TAMS 0x0000000744900000, 0x0000000744900000| Untracked 
|  74|0x0000000744a00000, 0x0000000744a00000, 0x0000000744b00000|  0%| F|  |TAMS 0x0000000744a00000, 0x0000000744a00000| Untracked 
|  75|0x0000000744b00000, 0x0000000744b00000, 0x0000000744c00000|  0%| F|  |TAMS 0x0000000744b00000, 0x0000000744b00000| Untracked 
|  76|0x0000000744c00000, 0x0000000744c00000, 0x0000000744d00000|  0%| F|  |TAMS 0x0000000744c00000, 0x0000000744c00000| Untracked 
|  77|0x0000000744d00000, 0x0000000744d00000, 0x0000000744e00000|  0%| F|  |TAMS 0x0000000744d00000, 0x0000000744d00000| Untracked 
|  78|0x0000000744e00000, 0x0000000744e00000, 0x0000000744f00000|  0%| F|  |TAMS 0x0000000744e00000, 0x0000000744e00000| Untracked 
|  79|0x0000000744f00000, 0x0000000744f00000, 0x0000000745000000|  0%| F|  |TAMS 0x0000000744f00000, 0x0000000744f00000| Untracked 
|  80|0x0000000745000000, 0x0000000745000000, 0x0000000745100000|  0%| F|  |TAMS 0x0000000745000000, 0x0000000745000000| Untracked 
|  81|0x0000000745100000, 0x0000000745100000, 0x0000000745200000|  0%| F|  |TAMS 0x0000000745100000, 0x0000000745100000| Untracked 
|  82|0x0000000745200000, 0x0000000745200000, 0x0000000745300000|  0%| F|  |TAMS 0x0000000745200000, 0x0000000745200000| Untracked 
|  83|0x0000000745300000, 0x0000000745300000, 0x0000000745400000|  0%| F|  |TAMS 0x0000000745300000, 0x0000000745300000| Untracked 
|  84|0x0000000745400000, 0x0000000745400000, 0x0000000745500000|  0%| F|  |TAMS 0x0000000745400000, 0x0000000745400000| Untracked 
|  85|0x0000000745500000, 0x0000000745500000, 0x0000000745600000|  0%| F|  |TAMS 0x0000000745500000, 0x0000000745500000| Untracked 
|  86|0x0000000745600000, 0x0000000745600000, 0x0000000745700000|  0%| F|  |TAMS 0x0000000745600000, 0x0000000745600000| Untracked 
|  87|0x0000000745700000, 0x0000000745700000, 0x0000000745800000|  0%| F|  |TAMS 0x0000000745700000, 0x0000000745700000| Untracked 
|  88|0x0000000745800000, 0x0000000745800000, 0x0000000745900000|  0%| F|  |TAMS 0x0000000745800000, 0x0000000745800000| Untracked 
|  89|0x0000000745900000, 0x0000000745900000, 0x0000000745a00000|  0%| F|  |TAMS 0x0000000745900000, 0x0000000745900000| Untracked 
|  90|0x0000000745a00000, 0x0000000745a00000, 0x0000000745b00000|  0%| F|  |TAMS 0x0000000745a00000, 0x0000000745a00000| Untracked 
|  91|0x0000000745b00000, 0x0000000745b00000, 0x0000000745c00000|  0%| F|  |TAMS 0x0000000745b00000, 0x0000000745b00000| Untracked 
|  92|0x0000000745c00000, 0x0000000745c00000, 0x0000000745d00000|  0%| F|  |TAMS 0x0000000745c00000, 0x0000000745c00000| Untracked 
|  93|0x0000000745d00000, 0x0000000745d00000, 0x0000000745e00000|  0%| F|  |TAMS 0x0000000745d00000, 0x0000000745d00000| Untracked 
|  94|0x0000000745e00000, 0x0000000745e00000, 0x0000000745f00000|  0%| F|  |TAMS 0x0000000745e00000, 0x0000000745e00000| Untracked 
|  95|0x0000000745f00000, 0x0000000745f00000, 0x0000000746000000|  0%| F|  |TAMS 0x0000000745f00000, 0x0000000745f00000| Untracked 
|  96|0x0000000746000000, 0x0000000746000000, 0x0000000746100000|  0%| F|  |TAMS 0x0000000746000000, 0x0000000746000000| Untracked 
|  97|0x0000000746100000, 0x0000000746100000, 0x0000000746200000|  0%| F|  |TAMS 0x0000000746100000, 0x0000000746100000| Untracked 
|  98|0x0000000746200000, 0x0000000746200000, 0x0000000746300000|  0%| F|  |TAMS 0x0000000746200000, 0x0000000746200000| Untracked 
|  99|0x0000000746300000, 0x0000000746300000, 0x0000000746400000|  0%| F|  |TAMS 0x0000000746300000, 0x0000000746300000| Untracked 
| 100|0x0000000746400000, 0x0000000746400000, 0x0000000746500000|  0%| F|  |TAMS 0x0000000746400000, 0x0000000746400000| Untracked 
| 101|0x0000000746500000, 0x0000000746500000, 0x0000000746600000|  0%| F|  |TAMS 0x0000000746500000, 0x0000000746500000| Untracked 
| 102|0x0000000746600000, 0x0000000746600000, 0x0000000746700000|  0%| F|  |TAMS 0x0000000746600000, 0x0000000746600000| Untracked 
| 103|0x0000000746700000, 0x0000000746700000, 0x0000000746800000|  0%| F|  |TAMS 0x0000000746700000, 0x0000000746700000| Untracked 
| 104|0x0000000746800000, 0x0000000746800000, 0x0000000746900000|  0%| F|  |TAMS 0x0000000746800000, 0x0000000746800000| Untracked 
| 105|0x0000000746900000, 0x0000000746900000, 0x0000000746a00000|  0%| F|  |TAMS 0x0000000746900000, 0x0000000746900000| Untracked 
| 106|0x0000000746a00000, 0x0000000746a00000, 0x0000000746b00000|  0%| F|  |TAMS 0x0000000746a00000, 0x0000000746a00000| Untracked 
| 107|0x0000000746b00000, 0x0000000746b00000, 0x0000000746c00000|  0%| F|  |TAMS 0x0000000746b00000, 0x0000000746b00000| Untracked 
| 108|0x0000000746c00000, 0x0000000746c00000, 0x0000000746d00000|  0%| F|  |TAMS 0x0000000746c00000, 0x0000000746c00000| Untracked 
| 109|0x0000000746d00000, 0x0000000746d00000, 0x0000000746e00000|  0%| F|  |TAMS 0x0000000746d00000, 0x0000000746d00000| Untracked 
| 110|0x0000000746e00000, 0x0000000746e00000, 0x0000000746f00000|  0%| F|  |TAMS 0x0000000746e00000, 0x0000000746e00000| Untracked 
| 111|0x0000000746f00000, 0x0000000746f00000, 0x0000000747000000|  0%| F|  |TAMS 0x0000000746f00000, 0x0000000746f00000| Untracked 
| 112|0x0000000747000000, 0x0000000747000000, 0x0000000747100000|  0%| F|  |TAMS 0x0000000747000000, 0x0000000747000000| Untracked 
| 113|0x0000000747100000, 0x0000000747100000, 0x0000000747200000|  0%| F|  |TAMS 0x0000000747100000, 0x0000000747100000| Untracked 
| 114|0x0000000747200000, 0x0000000747200000, 0x0000000747300000|  0%| F|  |TAMS 0x0000000747200000, 0x0000000747200000| Untracked 
| 115|0x0000000747300000, 0x0000000747300000, 0x0000000747400000|  0%| F|  |TAMS 0x0000000747300000, 0x0000000747300000| Untracked 
| 116|0x0000000747400000, 0x0000000747400000, 0x0000000747500000|  0%| F|  |TAMS 0x0000000747400000, 0x0000000747400000| Untracked 
| 117|0x0000000747500000, 0x0000000747500000, 0x0000000747600000|  0%| F|  |TAMS 0x0000000747500000, 0x0000000747500000| Untracked 
| 118|0x0000000747600000, 0x0000000747600000, 0x0000000747700000|  0%| F|  |TAMS 0x0000000747600000, 0x0000000747600000| Untracked 
| 119|0x0000000747700000, 0x0000000747700000, 0x0000000747800000|  0%| F|  |TAMS 0x0000000747700000, 0x0000000747700000| Untracked 
| 120|0x0000000747800000, 0x0000000747800000, 0x0000000747900000|  0%| F|  |TAMS 0x0000000747800000, 0x0000000747800000| Untracked 
| 121|0x0000000747900000, 0x0000000747900000, 0x0000000747a00000|  0%| F|  |TAMS 0x0000000747900000, 0x0000000747900000| Untracked 
| 122|0x0000000747a00000, 0x0000000747a80800, 0x0000000747b00000| 50%| E|  |TAMS 0x0000000747a00000, 0x0000000747a00000| Complete 
| 123|0x0000000747b00000, 0x0000000747c00000, 0x0000000747c00000|100%| E|CS|TAMS 0x0000000747b00000, 0x0000000747b00000| Complete 
| 124|0x0000000747c00000, 0x0000000747d00000, 0x0000000747d00000|100%| E|CS|TAMS 0x0000000747c00000, 0x0000000747c00000| Complete 
| 125|0x0000000747d00000, 0x0000000747e00000, 0x0000000747e00000|100%| E|CS|TAMS 0x0000000747d00000, 0x0000000747d00000| Complete 
| 126|0x0000000747e00000, 0x0000000747f00000, 0x0000000747f00000|100%| E|CS|TAMS 0x0000000747e00000, 0x0000000747e00000| Complete 
| 127|0x0000000747f00000, 0x0000000748000000, 0x0000000748000000|100%| E|CS|TAMS 0x0000000747f00000, 0x0000000747f00000| Complete 
| 128|0x0000000748000000, 0x0000000748100000, 0x0000000748100000|100%| E|CS|TAMS 0x0000000748000000, 0x0000000748000000| Complete 
| 129|0x0000000748100000, 0x0000000748200000, 0x0000000748200000|100%| E|CS|TAMS 0x0000000748100000, 0x0000000748100000| Complete 
| 130|0x0000000748200000, 0x0000000748300000, 0x0000000748300000|100%| E|CS|TAMS 0x0000000748200000, 0x0000000748200000| Complete 
| 131|0x0000000748300000, 0x0000000748400000, 0x0000000748400000|100%| E|CS|TAMS 0x0000000748300000, 0x0000000748300000| Complete 
| 132|0x0000000748400000, 0x0000000748500000, 0x0000000748500000|100%| E|CS|TAMS 0x0000000748400000, 0x0000000748400000| Complete 
| 133|0x0000000748500000, 0x0000000748600000, 0x0000000748600000|100%| E|CS|TAMS 0x0000000748500000, 0x0000000748500000| Complete 
| 134|0x0000000748600000, 0x0000000748700000, 0x0000000748700000|100%| E|CS|TAMS 0x0000000748600000, 0x0000000748600000| Complete 
| 135|0x0000000748700000, 0x0000000748800000, 0x0000000748800000|100%| E|CS|TAMS 0x0000000748700000, 0x0000000748700000| Complete 
| 136|0x0000000748800000, 0x0000000748900000, 0x0000000748900000|100%| E|CS|TAMS 0x0000000748800000, 0x0000000748800000| Complete 
| 137|0x0000000748900000, 0x0000000748a00000, 0x0000000748a00000|100%| E|CS|TAMS 0x0000000748900000, 0x0000000748900000| Complete 
| 138|0x0000000748a00000, 0x0000000748b00000, 0x0000000748b00000|100%| E|CS|TAMS 0x0000000748a00000, 0x0000000748a00000| Complete 
| 139|0x0000000748b00000, 0x0000000748c00000, 0x0000000748c00000|100%| E|CS|TAMS 0x0000000748b00000, 0x0000000748b00000| Complete 
| 140|0x0000000748c00000, 0x0000000748d00000, 0x0000000748d00000|100%| E|CS|TAMS 0x0000000748c00000, 0x0000000748c00000| Complete 
| 141|0x0000000748d00000, 0x0000000748e00000, 0x0000000748e00000|100%| E|CS|TAMS 0x0000000748d00000, 0x0000000748d00000| Complete 
| 142|0x0000000748e00000, 0x0000000748f00000, 0x0000000748f00000|100%| E|CS|TAMS 0x0000000748e00000, 0x0000000748e00000| Complete 
| 143|0x0000000748f00000, 0x0000000749000000, 0x0000000749000000|100%| E|CS|TAMS 0x0000000748f00000, 0x0000000748f00000| Complete 
| 144|0x0000000749000000, 0x0000000749100000, 0x0000000749100000|100%| E|CS|TAMS 0x0000000749000000, 0x0000000749000000| Complete 
| 145|0x0000000749100000, 0x0000000749200000, 0x0000000749200000|100%| E|CS|TAMS 0x0000000749100000, 0x0000000749100000| Complete 
| 146|0x0000000749200000, 0x0000000749300000, 0x0000000749300000|100%| E|CS|TAMS 0x0000000749200000, 0x0000000749200000| Complete 
| 147|0x0000000749300000, 0x0000000749400000, 0x0000000749400000|100%| E|CS|TAMS 0x0000000749300000, 0x0000000749300000| Complete 
| 148|0x0000000749400000, 0x0000000749500000, 0x0000000749500000|100%| E|CS|TAMS 0x0000000749400000, 0x0000000749400000| Complete 
| 149|0x0000000749500000, 0x0000000749600000, 0x0000000749600000|100%| E|CS|TAMS 0x0000000749500000, 0x0000000749500000| Complete 
| 150|0x0000000749600000, 0x0000000749700000, 0x0000000749700000|100%| E|CS|TAMS 0x0000000749600000, 0x0000000749600000| Complete 
| 151|0x0000000749700000, 0x0000000749800000, 0x0000000749800000|100%| E|CS|TAMS 0x0000000749700000, 0x0000000749700000| Complete 
| 152|0x0000000749800000, 0x0000000749900000, 0x0000000749900000|100%| E|CS|TAMS 0x0000000749800000, 0x0000000749800000| Complete 
| 153|0x0000000749900000, 0x0000000749a00000, 0x0000000749a00000|100%| E|CS|TAMS 0x0000000749900000, 0x0000000749900000| Complete 

Card table byte_map: [0x0000000120d3c000,0x000000012113c000] _byte_map_base: 0x000000011d33c000

Marking Bits (Prev, Next): (CMBitMap*) 0x0000000145841e18, (CMBitMap*) 0x0000000145841e50
 Prev Bits: [0x000000012153c000, 0x000000012353c000)
 Next Bits: [0x000000012353c000, 0x000000012553c000)

Polling page: 0x0000000102a5c000

Metaspace:

Usage:
  Non-class:     45.30 MB capacity,    44.32 MB ( 98%) used,   802.81 KB (  2%) free+waste,   194.50 KB ( <1%) overhead. 
      Class:      7.29 MB capacity,     6.66 MB ( 91%) used,   547.45 KB (  7%) free+waste,    96.69 KB (  1%) overhead. 
       Both:     52.58 MB capacity,    50.98 MB ( 97%) used,     1.32 MB (  3%) free+waste,   291.19 KB ( <1%) overhead. 

Virtual space:
  Non-class space:       46.00 MB reserved,      45.38 MB ( 99%) committed 
      Class space:        1.00 GB reserved,       7.38 MB ( <1%) committed 
             Both:        1.04 GB reserved,      52.75 MB (  5%) committed 

Chunk freelists:
   Non-Class:  16.00 KB
       Class:  0 bytes
        Both:  16.00 KB

MaxMetaspaceSize: unlimited
CompressedClassSpaceSize: 1.00 GB

CodeHeap 'non-profiled nmethods': size=238384Kb used=6939Kb max_used=6939Kb free=231444Kb
 bounds [0x0000000112070000, 0x0000000112740000, 0x000000012093c000]
CodeHeap 'non-nmethods': size=7376Kb used=1120Kb max_used=1120Kb free=6255Kb
 bounds [0x000000011193c000, 0x0000000111bac000, 0x0000000112070000]
 total_blobs=4547 nmethods=3973 adapters=504
 compilation: enabled
              stopped_count=0, restarted_count=0
 full_count=0

Compilation events (20 events):
Event: 1.530 Thread 0x000000013300a800 4126       1       org.springframework.beans.factory.support.AbstractBeanFactory::isPrototypeCurrentlyInCreation (46 bytes)
Event: 1.530 Thread 0x000000013300a800 nmethod 4126 0x0000000112733590 code [0x0000000112733780, 0x0000000112733aa0]
Event: 1.530 Thread 0x000000013300a800 4128       1       org.springframework.beans.factory.InjectionPoint::obtainMethodParameter (22 bytes)
Event: 1.530 Thread 0x000000013300a800 nmethod 4128 0x0000000112733c10 code [0x0000000112733dc0, 0x0000000112733fc0]
Event: 1.530 Thread 0x000000013300a800 4127       1       org.springframework.beans.factory.config.DependencyDescriptor::getDependencyType (123 bytes)
Event: 1.530 Thread 0x000000013300a800 nmethod 4127 0x0000000112734090 code [0x0000000112734300, 0x0000000112734bf0]
Event: 1.530 Thread 0x000000013300a800 4129   !   1       com.sun.proxy.$Proxy26::autowire (29 bytes)
Event: 1.530 Thread 0x000000013300a800 nmethod 4129 0x0000000112734f90 code [0x0000000112735140, 0x00000001127353b0]
Event: 1.532 Thread 0x000000013300a800 4130       1       org.springframework.boot.web.servlet.context.ServletWebServerApplicationContext::getServletConfig (5 bytes)
Event: 1.532 Thread 0x000000013300a800 nmethod 4130 0x0000000112735510 code [0x00000001127356c0, 0x0000000112735810]
Event: 1.532 Thread 0x000000013300a800 4131       1       org.springframework.web.context.support.ServletContextAwareProcessor::getServletConfig (5 bytes)
Event: 1.532 Thread 0x000000013300a800 nmethod 4131 0x0000000112735890 code [0x0000000112735a40, 0x0000000112735b90]
Event: 1.532 Thread 0x000000013300a800 4132       1       org.springframework.transaction.annotation.AnnotationTransactionAttributeSource::findTransactionAttribute (6 bytes)
Event: 1.532 Thread 0x000000013300a800 nmethod 4132 0x0000000112735c10 code [0x0000000112735dc0, 0x0000000112735f40]
Event: 1.532 Thread 0x000000013300a800 4133       1       org.springframework.transaction.annotation.AnnotationTransactionAttributeSource::findTransactionAttribute (6 bytes)
Event: 1.532 Thread 0x000000013300a800 nmethod 4133 0x0000000112736010 code [0x00000001127361c0, 0x0000000112736340]
Event: 1.534 Thread 0x000000013300a800 4134       1       java.util.Collections$EmptyList::toArray (5 bytes)
Event: 1.534 Thread 0x000000013300a800 nmethod 4134 0x0000000112736410 code [0x00000001127365c0, 0x00000001127367d0]
Event: 1.535 Thread 0x000000013300a800 4135       1       java.lang.ThreadLocal::set (30 bytes)
Event: 1.535 Thread 0x000000013300a800 nmethod 4135 0x0000000112736890 code [0x0000000112736a80, 0x0000000112736ce0]

GC Heap History (14 events):
Event: 0.367 GC heap before
{Heap before GC invocations=0 (full 0):
 garbage-first heap   total 131072K, used 24576K [0x0000000740000000, 0x00000007c0000000)
  region size 1024K, 24 young (24576K), 0 survivors (0K)
 Metaspace       used 14265K, capacity 14564K, committed 14720K, reserved 1062912K
  class space    used 1523K, capacity 1651K, committed 1664K, reserved 1048576K
}
Event: 0.371 GC heap after
{Heap after GC invocations=1 (full 0):
 garbage-first heap   total 131072K, used 6899K [0x0000000740000000, 0x00000007c0000000)
  region size 1024K, 3 young (3072K), 3 survivors (3072K)
 Metaspace       used 14265K, capacity 14564K, committed 14720K, reserved 1062912K
  class space    used 1523K, capacity 1651K, committed 1664K, reserved 1048576K
}
Event: 0.520 GC heap before
{Heap before GC invocations=1 (full 0):
 garbage-first heap   total 131072K, used 35571K [0x0000000740000000, 0x00000007c0000000)
  region size 1024K, 33 young (33792K), 3 survivors (3072K)
 Metaspace       used 20568K, capacity 21203K, committed 21296K, reserved 1069056K
  class space    used 2393K, capacity 2670K, committed 2688K, reserved 1048576K
}
Event: 0.525 GC heap after
{Heap after GC invocations=2 (full 0):
 garbage-first heap   total 131072K, used 8591K [0x0000000740000000, 0x00000007c0000000)
  region size 1024K, 5 young (5120K), 5 survivors (5120K)
 Metaspace       used 20568K, capacity 21203K, committed 21296K, reserved 1069056K
  class space    used 2393K, capacity 2670K, committed 2688K, reserved 1048576K
}
Event: 0.600 GC heap before
{Heap before GC invocations=3 (full 0):
 garbage-first heap   total 131072K, used 49551K [0x0000000740000000, 0x00000007c0000000)
  region size 1024K, 46 young (47104K), 5 survivors (5120K)
 Metaspace       used 23346K, capacity 24066K, committed 24304K, reserved 1071104K
  class space    used 2769K, capacity 3072K, committed 3136K, reserved 1048576K
}
Event: 0.606 GC heap after
{Heap after GC invocations=4 (full 0):
 garbage-first heap   total 131072K, used 9752K [0x0000000740000000, 0x00000007c0000000)
  region size 1024K, 3 young (3072K), 3 survivors (3072K)
 Metaspace       used 23346K, capacity 24066K, committed 24304K, reserved 1071104K
  class space    used 2769K, capacity 3072K, committed 3136K, reserved 1048576K
}
Event: 0.825 GC heap before
{Heap before GC invocations=4 (full 0):
 garbage-first heap   total 131072K, used 65048K [0x0000000740000000, 0x00000007c0000000)
  region size 1024K, 58 young (59392K), 3 survivors (3072K)
 Metaspace       used 27384K, capacity 28273K, committed 28528K, reserved 1075200K
  class space    used 3365K, capacity 3726K, committed 3776K, reserved 1048576K
}
Event: 0.828 GC heap after
{Heap after GC invocations=5 (full 0):
 garbage-first heap   total 131072K, used 11715K [0x0000000740000000, 0x00000007c0000000)
  region size 1024K, 5 young (5120K), 5 survivors (5120K)
 Metaspace       used 27384K, capacity 28273K, committed 28528K, reserved 1075200K
  class space    used 3365K, capacity 3726K, committed 3776K, reserved 1048576K
}
Event: 0.979 GC heap before
{Heap before GC invocations=5 (full 0):
 garbage-first heap   total 131072K, used 77251K [0x0000000740000000, 0x00000007c0000000)
  region size 1024K, 70 young (71680K), 5 survivors (5120K)
 Metaspace       used 31902K, capacity 33005K, committed 33136K, reserved 1077248K
  class space    used 3960K, capacity 4423K, committed 4544K, reserved 1048576K
}
Event: 0.984 GC heap after
{Heap after GC invocations=6 (full 0):
 garbage-first heap   total 157696K, used 14389K [0x0000000740000000, 0x00000007c0000000)
  region size 1024K, 8 young (8192K), 8 survivors (8192K)
 Metaspace       used 31902K, capacity 33005K, committed 33136K, reserved 1077248K
  class space    used 3960K, capacity 4423K, committed 4544K, reserved 1048576K
}
Event: 1.062 GC heap before
{Heap before GC invocations=6 (full 0):
 garbage-first heap   total 157696K, used 36917K [0x0000000740000000, 0x00000007c0000000)
  region size 1024K, 31 young (31744K), 8 survivors (8192K)
 Metaspace       used 34689K, capacity 35971K, committed 36032K, reserved 1081344K
  class space    used 4356K, capacity 4914K, committed 4928K, reserved 1048576K
}
Event: 1.069 GC heap after
{Heap after GC invocations=7 (full 0):
 garbage-first heap   total 157696K, used 15568K [0x0000000740000000, 0x00000007c0000000)
  region size 1024K, 7 young (7168K), 7 survivors (7168K)
 Metaspace       used 34689K, capacity 35971K, committed 36032K, reserved 1081344K
  class space    used 4356K, capacity 4914K, committed 4928K, reserved 1048576K
}
Event: 1.406 GC heap before
{Heap before GC invocations=8 (full 0):
 garbage-first heap   total 157696K, used 99536K [0x0000000740000000, 0x00000007c0000000)
  region size 1024K, 89 young (91136K), 7 survivors (7168K)
 Metaspace       used 48621K, capacity 50016K, committed 50048K, reserved 1093632K
  class space    used 6343K, capacity 6907K, committed 6912K, reserved 1048576K
}
Event: 1.411 GC heap after
{Heap after GC invocations=9 (full 0):
 garbage-first heap   total 157696K, used 19343K [0x0000000740000000, 0x00000007c0000000)
  region size 1024K, 10 young (10240K), 10 survivors (10240K)
 Metaspace       used 48621K, capacity 50016K, committed 50048K, reserved 1093632K
  class space    used 6343K, capacity 6907K, committed 6912K, reserved 1048576K
}

Deoptimization events (20 events):
Event: 0.744 Thread 0x0000000145809800 DEOPT PACKING pc=0x0000000112292d54 sp=0x000000016d714880
Event: 0.744 Thread 0x0000000145809800 DEOPT UNPACKING pc=0x000000011195ebfc sp=0x000000016d714680 mode 3
Event: 0.778 Thread 0x0000000145809800 DEOPT PACKING pc=0x000000011235c890 sp=0x000000016d715040
Event: 0.778 Thread 0x0000000145809800 DEOPT UNPACKING pc=0x000000011195ebfc sp=0x000000016d714e40 mode 3
Event: 0.778 Thread 0x0000000145809800 DEOPT PACKING pc=0x00000001123b7780 sp=0x000000016d715200
Event: 0.778 Thread 0x0000000145809800 DEOPT UNPACKING pc=0x000000011195ebfc sp=0x000000016d715070 mode 0
Event: 0.875 Thread 0x0000000145809800 DEOPT PACKING pc=0x000000011255811c sp=0x000000016d714310
Event: 0.875 Thread 0x0000000145809800 DEOPT UNPACKING pc=0x000000011195ebfc sp=0x000000016d714110 mode 3
Event: 0.900 Thread 0x0000000145809800 DEOPT PACKING pc=0x000000011257b0d4 sp=0x000000016d714f60
Event: 0.900 Thread 0x0000000145809800 DEOPT UNPACKING pc=0x000000011195ebfc sp=0x000000016d714d80 mode 3
Event: 0.910 Thread 0x0000000145809800 DEOPT PACKING pc=0x00000001122b34f0 sp=0x000000016d7146e0
Event: 0.910 Thread 0x0000000145809800 DEOPT UNPACKING pc=0x000000011195ebfc sp=0x000000016d714560 mode 3
Event: 1.055 Thread 0x0000000145809800 DEOPT PACKING pc=0x0000000112523bdc sp=0x000000016d714f40
Event: 1.055 Thread 0x0000000145809800 DEOPT UNPACKING pc=0x000000011195ebfc sp=0x000000016d714d80 mode 3
Event: 1.417 Thread 0x0000000145809800 DEOPT PACKING pc=0x000000011252eb04 sp=0x000000016d7154b0
Event: 1.417 Thread 0x0000000145809800 DEOPT UNPACKING pc=0x000000011195ebfc sp=0x000000016d715330 mode 3
Event: 1.425 Thread 0x0000000145809800 DEOPT PACKING pc=0x000000011259c46c sp=0x000000016d714d60
Event: 1.425 Thread 0x0000000145809800 DEOPT UNPACKING pc=0x000000011195ebfc sp=0x000000016d714bd0 mode 3
Event: 1.474 Thread 0x0000000145809800 DEOPT PACKING pc=0x000000011255e6d4 sp=0x000000016d714a60
Event: 1.474 Thread 0x0000000145809800 DEOPT UNPACKING pc=0x000000011195ebfc sp=0x000000016d7148b0 mode 3

Classes redefined (0 events):
No events

Internal exceptions (20 events):
Event: 1.424 Thread 0x0000000145809800 Exception <a 'java/lang/ClassNotFoundException'{0x000000074979c808}: org/springframework/beans/factory/FactoryBeanCustomizer> (0x000000074979c808) thrown at [src/hotspot/share/classfile/systemDictionary.cpp, line 231]
Event: 1.425 Thread 0x0000000145809800 Exception <a 'java/lang/ClassNotFoundException'{0x00000007497aeef8}: org/springframework/beans/factory/BeanClassLoaderAwareCustomizer> (0x00000007497aeef8) thrown at [src/hotspot/share/classfile/systemDictionary.cpp, line 231]
Event: 1.425 Thread 0x0000000145809800 Exception <a 'java/lang/ClassNotFoundException'{0x00000007497bc720}: org/springframework/beans/factory/AwareCustomizer> (0x00000007497bc720) thrown at [src/hotspot/share/classfile/systemDictionary.cpp, line 231]
Event: 1.425 Thread 0x0000000145809800 Exception <a 'java/lang/ClassNotFoundException'{0x00000007497ca928}: org/springframework/beans/factory/BeanFactoryAwareCustomizer> (0x00000007497ca928) thrown at [src/hotspot/share/classfile/systemDictionary.cpp, line 231]
Event: 1.425 Thread 0x0000000145809800 Exception <a 'java/lang/ClassNotFoundException'{0x00000007497d8650}: org/springframework/beans/factory/AwareCustomizer> (0x00000007497d8650) thrown at [src/hotspot/share/classfile/systemDictionary.cpp, line 231]
Event: 1.425 Thread 0x0000000145809800 Exception <a 'java/lang/ClassNotFoundException'{0x00000007497e7618}: org/springframework/context/ApplicationEventPublisherAwareCustomizer> (0x00000007497e7618) thrown at [src/hotspot/share/classfile/systemDictionary.cpp, line 231]
Event: 1.425 Thread 0x0000000145809800 Exception <a 'java/lang/ClassNotFoundException'{0x00000007497f5598}: org/springframework/beans/factory/AwareCustomizer> (0x00000007497f5598) thrown at [src/hotspot/share/classfile/systemDictionary.cpp, line 231]
Event: 1.427 Thread 0x0000000145809800 Exception <a 'java/lang/ClassNotFoundException'{0x00000007496492e8}: java/lang/ObjectCustomizer> (0x00000007496492e8) thrown at [src/hotspot/share/classfile/systemDictionary.cpp, line 231]
Event: 1.427 Thread 0x0000000145809800 Exception <a 'java/lang/ClassNotFoundException'{0x000000074965bd58}: org/springframework/core/io/support/PropertiesLoaderSupportCustomizer> (0x000000074965bd58) thrown at [src/hotspot/share/classfile/systemDictionary.cpp, line 231]
Event: 1.427 Thread 0x0000000145809800 Exception <a 'java/lang/ClassNotFoundException'{0x00000007496740b8}: org/springframework/beans/factory/config/PropertiesFactoryBeanCustomizer> (0x00000007496740b8) thrown at [src/hotspot/share/classfile/systemDictionary.cpp, line 231]
Event: 1.428 Thread 0x0000000145809800 Exception <a 'java/lang/ClassNotFoundException'{0x00000007496926c0}: org/springframework/beans/factory/FactoryBeanCustomizer> (0x00000007496926c0) thrown at [src/hotspot/share/classfile/systemDictionary.cpp, line 231]
Event: 1.428 Thread 0x0000000145809800 Exception <a 'java/lang/ClassNotFoundException'{0x00000007496a35d8}: org/springframework/beans/factory/InitializingBeanCustomizer> (0x00000007496a35d8) thrown at [src/hotspot/share/classfile/systemDictionary.cpp, line 231]
Event: 1.476 Thread 0x0000000145809800 Exception <a 'java/lang/ClassNotFoundException'{0x0000000748bac5f0}: java/lang/ObjectCustomizer> (0x0000000748bac5f0) thrown at [src/hotspot/share/classfile/systemDictionary.cpp, line 231]
Event: 1.476 Thread 0x0000000145809800 Exception <a 'java/lang/ClassNotFoundException'{0x0000000748bbb378}: com/codeup/catdemo/models/CatCustomizer> (0x0000000748bbb378) thrown at [src/hotspot/share/classfile/systemDictionary.cpp, line 231]
Event: 1.490 Thread 0x0000000145809800 Exception <a 'java/lang/IncompatibleClassChangeError'{0x000000074872fd38}: Found class java.lang.Object, but interface was expected> (0x000000074872fd38) thrown at [src/hotspot/share/interpreter/linkResolver.cpp, line 839]
Event: 1.510 Thread 0x0000000145809800 Exception <a 'java/lang/reflect/InvocationTargetException'{0x0000000747f34f50}> (0x0000000747f34f50) thrown at [src/hotspot/share/runtime/reflection.cpp, line 1247]
Event: 1.514 Thread 0x0000000145809800 Exception <a 'java/lang/NoSuchMethodError'{0x0000000747fc1750}: 'java.lang.Object java.lang.invoke.DirectMethodHandle$Holder.invokeStatic(java.lang.Object, java.lang.Object, int, java.lang.Object)'> (0x0000000747fc1750) thrown at [src/hotspot/share/interpreter/linkResolver.cpp, line 773]
Event: 1.515 Thread 0x0000000145809800 Exception <a 'java/lang/NoSuchMethodError'{0x0000000747fc8180}: 'java.lang.Object java.lang.invoke.Invokers$Holder.linkToTargetMethod(java.lang.Object, int, java.lang.Object)'> (0x0000000747fc8180) thrown at [src/hotspot/share/interpreter/linkResolver.cpp, line 773]
Event: 1.516 Thread 0x0000000145809800 Exception <a 'java/lang/IncompatibleClassChangeError'{0x0000000747ffea80}: Found class java.lang.Object, but interface was expected> (0x0000000747ffea80) thrown at [src/hotspot/share/interpreter/linkResolver.cpp, line 839]
Event: 1.525 Thread 0x0000000145809800 Exception <a 'java/lang/reflect/InvocationTargetException'{0x0000000747cb45d0}> (0x0000000747cb45d0) thrown at [src/hotspot/share/runtime/reflection.cpp, line 1247]

Events (20 events):
Event: 1.532 loading class org/springframework/boot/autoconfigure/web/ResourceProperties$Strategy
Event: 1.532 loading class org/springframework/boot/autoconfigure/web/ResourceProperties$Strategy done
Event: 1.532 loading class org/springframework/boot/autoconfigure/web/ResourceProperties$Fixed
Event: 1.532 loading class org/springframework/boot/autoconfigure/web/ResourceProperties$Fixed done
Event: 1.532 loading class org/springframework/boot/autoconfigure/web/ResourceProperties$Content
Event: 1.532 loading class org/springframework/boot/autoconfigure/web/ResourceProperties$Content done
Event: 1.532 loading class org/springframework/boot/autoconfigure/web/ResourceProperties$Cache$Cachecontrol
Event: 1.532 loading class org/springframework/boot/autoconfigure/web/ResourceProperties$Cache$Cachecontrol done
Event: 1.533 loading class org/springframework/http/HttpStatus$Series
Event: 1.533 loading class org/springframework/http/HttpStatus$Series done
Event: 1.534 loading class org/springframework/http/HttpStatus
Event: 1.534 loading class org/springframework/http/HttpStatus done
Event: 1.534 loading class org/springframework/boot/web/error/ErrorAttributeOptions
Event: 1.534 loading class org/springframework/boot/web/error/ErrorAttributeOptions done
Event: 1.534 loading class org/springframework/validation/BindingResult
Event: 1.534 loading class org/springframework/validation/BindingResult done
Event: 1.535 loading class org/springframework/validation/Errors
Event: 1.535 loading class org/springframework/validation/Errors done
Event: 1.535 loading class org/springframework/http/ResponseEntity
Event: 1.535 loading class org/springframework/http/ResponseEntity done


Dynamic libraries:
0x00000001b63a7000 	/System/Library/Frameworks/Cocoa.framework/Versions/A/Cocoa
0x00000001a42ea000 	/System/Library/Frameworks/Security.framework/Versions/A/Security
0x00000001b4715000 	/System/Library/Frameworks/ApplicationServices.framework/Versions/A/ApplicationServices
0x00000001abe9d000 	/usr/lib/libz.1.dylib
0x00000001029a4000 	/Users/brettcrawford/Library/Java/JavaVirtualMachines/liberica-11.0.11/lib/jli/libjli.dylib
0x00000001abf43000 	/usr/lib/libSystem.B.dylib
0x00000001a4d5e000 	/System/Library/Frameworks/AppKit.framework/Versions/C/AppKit
0x00000001a7b7c000 	/System/Library/Frameworks/CoreData.framework/Versions/A/CoreData
0x00000001a32f5000 	/System/Library/Frameworks/Foundation.framework/Versions/C/Foundation
0x00000001a5a9e000 	/System/Library/PrivateFrameworks/UIFoundation.framework/Versions/A/UIFoundation
0x00000001b15a4000 	/System/Library/PrivateFrameworks/RemoteViewServices.framework/Versions/A/RemoteViewServices
0x00000001aa7be000 	/System/Library/PrivateFrameworks/XCTTargetBootstrap.framework/Versions/A/XCTTargetBootstrap
0x00000001ad0fd000 	/usr/lib/libspindump.dylib
0x00000001a5cc5000 	/System/Library/Frameworks/UniformTypeIdentifiers.framework/Versions/A/UniformTypeIdentifiers
0x00000001a8da6000 	/usr/lib/libapp_launch_measurement.dylib
0x00000001a8da9000 	/System/Library/PrivateFrameworks/CoreAutoLayout.framework/Versions/A/CoreAutoLayout
0x00000001aa13b000 	/System/Library/Frameworks/Metal.framework/Versions/A/Metal
0x00000001aad9a000 	/usr/lib/liblangid.dylib
0x00000001aa7c2000 	/System/Library/PrivateFrameworks/CoreSVG.framework/Versions/A/CoreSVG
0x00000001a6d78000 	/System/Library/PrivateFrameworks/SkyLight.framework/Versions/A/SkyLight
0x00000001a70e3000 	/System/Library/Frameworks/CoreGraphics.framework/Versions/A/CoreGraphics
0x00000001b1ac4000 	/System/Library/Frameworks/Accelerate.framework/Versions/A/Accelerate
0x00000001acb57000 	/System/Library/PrivateFrameworks/IconServices.framework/Versions/A/IconServices
0x00000001aa11f000 	/System/Library/Frameworks/IOSurface.framework/Versions/A/IOSurface
0x00000001a844a000 	/usr/lib/libDiagnosticMessagesClient.dylib
0x00000001aa7a6000 	/System/Library/PrivateFrameworks/DFRFoundation.framework/Versions/A/DFRFoundation
0x00000001a464f000 	/usr/lib/libicucore.A.dylib
0x00000001ae64e000 	/System/Library/Frameworks/AudioToolbox.framework/Versions/A/AudioToolbox
0x00000001ad863000 	/System/Library/PrivateFrameworks/DataDetectorsCore.framework/Versions/A/DataDetectorsCore
0x00000001a6cf3000 	/usr/lib/libMobileGestalt.dylib
0x00000001aa49b000 	/System/Library/Frameworks/Carbon.framework/Versions/A/Frameworks/HIToolbox.framework/Versions/A/HIToolbox
0x00000001a8845000 	/System/Library/Frameworks/QuartzCore.framework/Versions/A/QuartzCore
0x00000001b15dc000 	/System/Library/Frameworks/Carbon.framework/Versions/A/Frameworks/SpeechRecognition.framework/Versions/A/SpeechRecognition
0x00000001a8b44000 	/System/Library/PrivateFrameworks/CoreUI.framework/Versions/A/CoreUI
0x00000001a3ccf000 	/System/Library/Frameworks/CoreAudio.framework/Versions/A/CoreAudio
0x00000001a8533000 	/System/Library/Frameworks/DiskArbitration.framework/Versions/A/DiskArbitration
0x00000001ad4b0000 	/System/Library/PrivateFrameworks/MultitouchSupport.framework/Versions/A/MultitouchSupport
0x00000001ad85a000 	/System/Library/PrivateFrameworks/InternationalSupport.framework/Versions/A/InternationalSupport
0x00000001a6cf1000 	/usr/lib/libenergytrace.dylib
0x00000001a4c38000 	/System/Library/Frameworks/IOKit.framework/Versions/A/IOKit
0x00000001b1907000 	/System/Library/Frameworks/CoreServices.framework/Versions/A/CoreServices
0x00000001a8d3c000 	/System/Library/PrivateFrameworks/PerformanceAnalysis.framework/Versions/A/PerformanceAnalysis
0x00000001e44a8000 	/System/Library/Frameworks/OpenGL.framework/Versions/A/OpenGL
0x00000001ad8d8000 	/System/Library/PrivateFrameworks/UserActivity.framework/Versions/A/UserActivity
0x00000001a2345000 	/usr/lib/libobjc.A.dylib
0x00000001a76d1000 	/System/Library/Frameworks/ColorSync.framework/Versions/A/ColorSync
0x00000001a252e000 	/System/Library/Frameworks/CoreFoundation.framework/Versions/A/CoreFoundation
0x00000001aaa0c000 	/System/Library/Frameworks/CoreImage.framework/Versions/A/CoreImage
0x00000001a3aff000 	/System/Library/Frameworks/CoreText.framework/Versions/A/CoreText
0x00000001aa7ed000 	/System/Library/Frameworks/ImageIO.framework/Versions/A/ImageIO
0x00000001abf49000 	/System/Library/PrivateFrameworks/SoftLinking.framework/Versions/A/SoftLinking
0x00000001a8dec000 	/usr/lib/libxml2.2.dylib
0x00000001a2404000 	/usr/lib/libc++.1.dylib
0x00000001ac1c9000 	/usr/lib/libcompression.dylib
0x00000001ad7a6000 	/System/Library/PrivateFrameworks/TextureIO.framework/Versions/A/TextureIO
0x00000001ac8b4000 	/usr/lib/libate.dylib
0x00000001abf3d000 	/usr/lib/system/libcache.dylib
0x00000001abefc000 	/usr/lib/system/libcommonCrypto.dylib
0x00000001abf26000 	/usr/lib/system/libcompiler_rt.dylib
0x00000001abf1d000 	/usr/lib/system/libcopyfile.dylib
0x00000001a2260000 	/usr/lib/system/libcorecrypto.dylib
0x00000001a2300000 	/usr/lib/system/libdispatch.dylib
0x00000001a24b9000 	/usr/lib/system/libdyld.dylib
0x00000001abf33000 	/usr/lib/system/libkeymgr.dylib
0x00000001af364000 	/usr/lib/system/liblaunch.dylib
0x00000001abede000 	/usr/lib/system/libmacho.dylib
0x00000001ab750000 	/usr/lib/system/libquarantine.dylib
0x00000001abf30000 	/usr/lib/system/libremovefile.dylib
0x00000001a6d46000 	/usr/lib/system/libsystem_asl.dylib
0x00000001a220e000 	/usr/lib/system/libsystem_blocks.dylib
0x00000001a2382000 	/usr/lib/system/libsystem_c.dylib
0x00000001abf2a000 	/usr/lib/system/libsystem_collections.dylib
0x00000001aad8a000 	/usr/lib/system/libsystem_configuration.dylib
0x00000001aa10d000 	/usr/lib/system/libsystem_containermanager.dylib
0x00000001abcb3000 	/usr/lib/system/libsystem_coreservices.dylib
0x00000001a48c1000 	/usr/lib/system/libsystem_darwin.dylib
0x00000001abf34000 	/usr/lib/system/libsystem_dnssd.dylib
0x00000001a237f000 	/usr/lib/system/libsystem_featureflags.dylib
0x00000001a2502000 	/usr/lib/system/libsystem_info.dylib
0x00000001abeaf000 	/usr/lib/system/libsystem_m.dylib
0x00000001a22d4000 	/usr/lib/system/libsystem_malloc.dylib
0x00000001a6ce1000 	/usr/lib/system/libsystem_networkextension.dylib
0x00000001a4d04000 	/usr/lib/system/libsystem_notify.dylib
0x00000001b1812000 	/usr/lib/system/libsystem_product_info_filter.dylib
0x00000001aad8f000 	/usr/lib/system/libsystem_sandbox.dylib
0x00000001abf2d000 	/usr/lib/system/libsystem_secinit.dylib
0x00000001a2478000 	/usr/lib/system/libsystem_kernel.dylib
0x00000001a24fb000 	/usr/lib/system/libsystem_platform.dylib
0x00000001a24ac000 	/usr/lib/system/libsystem_pthread.dylib
0x00000001a82b3000 	/usr/lib/system/libsystem_symptoms.dylib
0x00000001a2248000 	/usr/lib/system/libsystem_trace.dylib
0x00000001abf0a000 	/usr/lib/system/libunwind.dylib
0x00000001a2210000 	/usr/lib/system/libxpc.dylib
0x00000001a2460000 	/usr/lib/libc++abi.dylib
0x00000001abf15000 	/usr/lib/liboah.dylib
0x00000001ac6fd000 	/usr/lib/liblzma.5.dylib
0x00000001a300a000 	/System/Library/Frameworks/SystemConfiguration.framework/Versions/A/SystemConfiguration
0x00000001abf45000 	/usr/lib/libfakelink.dylib
0x00000001a6858000 	/System/Library/Frameworks/CFNetwork.framework/Versions/A/CFNetwork
0x00000001ac08f000 	/usr/lib/libarchive.2.dylib
0x00000001a3092000 	/usr/lib/libCRFSuite.dylib
0x00000001ab77a000 	/usr/lib/libbsm.0.dylib
0x00000001a610f000 	/usr/lib/libnetwork.dylib
0x00000001abf4a000 	/usr/lib/libpcap.A.dylib
0x00000001a82ab000 	/usr/lib/libdns_services.dylib
0x00000001ac716000 	/usr/lib/libcoretls_cfhelpers.dylib
0x00000001ac198000 	/usr/lib/libapple_nghttp2.dylib
0x00000001abee4000 	/usr/lib/system/libkxld.dylib
0x00000001a7f3c000 	/usr/lib/libsqlite3.dylib
0x00000001abc96000 	/System/Library/PrivateFrameworks/AppleFSCompression.framework/Versions/A/AppleFSCompression
0x00000001ab763000 	/usr/lib/libcoretls.dylib
0x00000001ac1c4000 	/usr/lib/libpam.2.dylib
0x00000001ac7fd000 	/usr/lib/libxar.1.dylib
0x00000001aad96000 	/System/Library/PrivateFrameworks/AppleSystemInfo.framework/Versions/A/AppleSystemInfo
0x00000001ab3b3000 	/System/Library/PrivateFrameworks/IOMobileFramebuffer.framework/Versions/A/IOMobileFramebuffer
0x00000001abca6000 	/usr/lib/libbz2.1.0.dylib
0x00000001abf86000 	/usr/lib/libiconv.2.dylib
0x00000001abedd000 	/usr/lib/libcharset.1.dylib
0x00000001a8d75000 	/System/Library/Frameworks/CoreServices.framework/Versions/A/Frameworks/FSEvents.framework/Versions/A/FSEvents
0x00000001a48cc000 	/System/Library/Frameworks/CoreServices.framework/Versions/A/Frameworks/CarbonCore.framework/Versions/A/CarbonCore
0x00000001a8499000 	/System/Library/Frameworks/CoreServices.framework/Versions/A/Frameworks/Metadata.framework/Versions/A/Metadata
0x00000001abcb8000 	/System/Library/Frameworks/CoreServices.framework/Versions/A/Frameworks/OSServices.framework/Versions/A/OSServices
0x00000001ac100000 	/System/Library/Frameworks/CoreServices.framework/Versions/A/Frameworks/SearchKit.framework/Versions/A/SearchKit
0x00000001a8237000 	/System/Library/Frameworks/CoreServices.framework/Versions/A/Frameworks/AE.framework/Versions/A/AE
0x00000001a29dd000 	/System/Library/Frameworks/CoreServices.framework/Versions/A/Frameworks/LaunchServices.framework/Versions/A/LaunchServices
0x00000001ac6aa000 	/System/Library/Frameworks/CoreServices.framework/Versions/A/Frameworks/DictionaryServices.framework/Versions/A/DictionaryServices
0x00000001a8d82000 	/System/Library/Frameworks/CoreServices.framework/Versions/A/Frameworks/SharedFileList.framework/Versions/A/SharedFileList
0x00000001ab753000 	/usr/lib/libCheckFix.dylib
0x00000001a6d5e000 	/System/Library/PrivateFrameworks/TCC.framework/Versions/A/TCC
0x00000001aad9c000 	/System/Library/PrivateFrameworks/CoreNLP.framework/Versions/A/CoreNLP
0x00000001a844d000 	/System/Library/PrivateFrameworks/MetadataUtilities.framework/Versions/A/MetadataUtilities
0x00000001a30c6000 	/usr/lib/libmecabra.dylib
0x00000001aba39000 	/System/Library/Frameworks/MLCompute.framework/Versions/A/MLCompute
0x00000001ab78b000 	/usr/lib/libmecab.dylib
0x00000001ab7d1000 	/usr/lib/libgermantok.dylib
0x00000001ac171000 	/usr/lib/libThaiTokenizer.dylib
0x00000001ac839000 	/usr/lib/libChineseTokenizer.dylib
0x00000001ac1c2000 	/System/Library/Frameworks/MetalPerformanceShaders.framework/Versions/A/MetalPerformanceShaders
0x00000001a853a000 	/System/Library/Frameworks/Accelerate.framework/Versions/A/Frameworks/vImage.framework/Versions/A/vImage
0x00000001b18e5000 	/System/Library/Frameworks/Accelerate.framework/Versions/A/Frameworks/vecLib.framework/Versions/A/vecLib
0x00000001ac844000 	/System/Library/Frameworks/Accelerate.framework/Versions/A/Frameworks/vecLib.framework/Versions/A/libvMisc.dylib
0x00000001ab2f1000 	/System/Library/Frameworks/Accelerate.framework/Versions/A/Frameworks/vecLib.framework/Versions/A/libvDSP.dylib
0x00000001a2cf0000 	/System/Library/Frameworks/Accelerate.framework/Versions/A/Frameworks/vecLib.framework/Versions/A/libBLAS.dylib
0x00000001ac1ed000 	/System/Library/Frameworks/Accelerate.framework/Versions/A/Frameworks/vecLib.framework/Versions/A/libLAPACK.dylib
0x00000001ab7d6000 	/System/Library/Frameworks/Accelerate.framework/Versions/A/Frameworks/vecLib.framework/Versions/A/libLinearAlgebra.dylib
0x00000001ac1af000 	/System/Library/Frameworks/Accelerate.framework/Versions/A/Frameworks/vecLib.framework/Versions/A/libSparseBLAS.dylib
0x00000001ac1e8000 	/System/Library/Frameworks/Accelerate.framework/Versions/A/Frameworks/vecLib.framework/Versions/A/libQuadrature.dylib
0x00000001aae32000 	/System/Library/Frameworks/Accelerate.framework/Versions/A/Frameworks/vecLib.framework/Versions/A/libBNNS.dylib
0x00000001a2fa6000 	/System/Library/Frameworks/Accelerate.framework/Versions/A/Frameworks/vecLib.framework/Versions/A/libSparse.dylib
0x00000001aad25000 	/System/Library/Frameworks/MetalPerformanceShaders.framework/Versions/A/Frameworks/MPSCore.framework/Versions/A/MPSCore
0x00000001abc0e000 	/System/Library/Frameworks/MetalPerformanceShaders.framework/Versions/A/Frameworks/MPSImage.framework/Versions/A/MPSImage
0x00000001ab7eb000 	/System/Library/Frameworks/MetalPerformanceShaders.framework/Versions/A/Frameworks/MPSNeuralNetwork.framework/Versions/A/MPSNeuralNetwork
0x00000001abb8c000 	/System/Library/Frameworks/MetalPerformanceShaders.framework/Versions/A/Frameworks/MPSMatrix.framework/Versions/A/MPSMatrix
0x00000001ab9ef000 	/System/Library/Frameworks/MetalPerformanceShaders.framework/Versions/A/Frameworks/MPSRayIntersector.framework/Versions/A/MPSRayIntersector
0x00000001abbbb000 	/System/Library/Frameworks/MetalPerformanceShaders.framework/Versions/A/Frameworks/MPSNDArray.framework/Versions/A/MPSNDArray
0x00000001a2c16000 	/System/Library/PrivateFrameworks/MetalTools.framework/Versions/A/MetalTools
0x00000001aad94000 	/System/Library/PrivateFrameworks/AggregateDictionary.framework/Versions/A/AggregateDictionary
0x00000001a8417000 	/System/Library/PrivateFrameworks/CoreAnalytics.framework/Versions/A/CoreAnalytics
0x00000001ac173000 	/System/Library/PrivateFrameworks/AppleSauce.framework/Versions/A/AppleSauce
0x00000001aa131000 	/System/Library/PrivateFrameworks/IOAccelerator.framework/Versions/A/IOAccelerator
0x00000001e449b000 	/System/Library/Frameworks/OpenGL.framework/Versions/A/Libraries/libCoreFSCache.dylib
0x00000001a3682000 	/System/Library/PrivateFrameworks/LanguageModeling.framework/Versions/A/LanguageModeling
0x00000001ab3a0000 	/System/Library/PrivateFrameworks/CoreEmoji.framework/Versions/A/CoreEmoji
0x00000001aae2a000 	/System/Library/PrivateFrameworks/LinguisticData.framework/Versions/A/LinguisticData
0x00000001a2f5b000 	/System/Library/PrivateFrameworks/Lexicon.framework/Versions/A/Lexicon
0x00000001ac07c000 	/usr/lib/libcmph.dylib
0x00000001a8d55000 	/System/Library/Frameworks/OpenDirectory.framework/Versions/A/Frameworks/CFOpenDirectory.framework/Versions/A/CFOpenDirectory
0x00000001a8d47000 	/System/Library/Frameworks/OpenDirectory.framework/Versions/A/OpenDirectory
0x00000001ac718000 	/System/Library/PrivateFrameworks/APFS.framework/Versions/A/APFS
0x00000001ab6bc000 	/System/Library/Frameworks/SecurityFoundation.framework/Versions/A/SecurityFoundation
0x00000001ac80b000 	/usr/lib/libutil.dylib
0x00000001a4bfc000 	/System/Library/PrivateFrameworks/CoreServicesStore.framework/Versions/A/CoreServicesStore
0x00000001ab74a000 	/System/Library/Frameworks/ServiceManagement.framework/Versions/A/ServiceManagement
0x00000001ac80f000 	/usr/lib/libxslt.1.dylib
0x00000001ab740000 	/System/Library/PrivateFrameworks/BackgroundTaskManagement.framework/Versions/A/BackgroundTaskManagement
0x00000001ad6f5000 	/System/Library/Frameworks/ImageIO.framework/Versions/A/Resources/libRadiance.dylib
0x00000001ad6fe000 	/System/Library/Frameworks/ImageIO.framework/Versions/A/Resources/libJPEG.dylib
0x00000001ad64d000 	/System/Library/Frameworks/ImageIO.framework/Versions/A/Resources/libPng.dylib
0x00000001ad674000 	/System/Library/Frameworks/ImageIO.framework/Versions/A/Resources/libTIFF.dylib
0x00000001ad74f000 	/System/Library/Frameworks/ImageIO.framework/Versions/A/Resources/libGIF.dylib
0x00000001ad3ca000 	/System/Library/Frameworks/ImageIO.framework/Versions/A/Resources/libJP2.dylib
0x00000001acb21000 	/usr/lib/libexpat.1.dylib
0x00000001ad386000 	/System/Library/PrivateFrameworks/AppleJPEG.framework/Versions/A/AppleJPEG
0x00000001aa342000 	/System/Library/PrivateFrameworks/FontServices.framework/libFontParser.dylib
0x00000001a81e9000 	/System/Library/PrivateFrameworks/RunningBoardServices.framework/Versions/A/RunningBoardServices
0x00000001b68d6000 	/System/Library/PrivateFrameworks/IOSurfaceAccelerator.framework/Versions/A/IOSurfaceAccelerator
0x00000001ad4ac000 	/System/Library/PrivateFrameworks/WatchdogClient.framework/Versions/A/WatchdogClient
0x00000001a3772000 	/System/Library/Frameworks/CoreDisplay.framework/Versions/A/CoreDisplay
0x00000001aa24a000 	/System/Library/Frameworks/CoreMedia.framework/Versions/A/CoreMedia
0x00000001a8ed9000 	/System/Library/Frameworks/CoreVideo.framework/Versions/A/CoreVideo
0x00000001ad4e9000 	/System/Library/Frameworks/VideoToolbox.framework/Versions/A/VideoToolbox
0x00000001a8166000 	/System/Library/PrivateFrameworks/BaseBoard.framework/Versions/A/BaseBoard
0x00000001acc5e000 	/System/Library/PrivateFrameworks/PersistentConnection.framework/Versions/A/PersistentConnection
0x00000001a7f25000 	/System/Library/PrivateFrameworks/ProtocolBuffer.framework/Versions/A/ProtocolBuffer
0x00000001a814f000 	/System/Library/PrivateFrameworks/CommonUtilities.framework/Versions/A/CommonUtilities
0x00000001ad34b000 	/System/Library/PrivateFrameworks/Bom.framework/Versions/A/Bom
0x00000001ad6f0000 	/System/Library/PrivateFrameworks/GPUWrangler.framework/Versions/A/GPUWrangler
0x00000001ad6d1000 	/System/Library/PrivateFrameworks/IOPresentment.framework/Versions/A/IOPresentment
0x00000001ad6f8000 	/System/Library/PrivateFrameworks/DSExternalDisplay.framework/Versions/A/DSExternalDisplay
0x00000001ad754000 	/System/Library/PrivateFrameworks/CMCaptureCore.framework/Versions/A/CMCaptureCore
0x00000001ad0e6000 	/System/Library/PrivateFrameworks/AppServerSupport.framework/Versions/A/AppServerSupport
0x00000001af11e000 	/System/Library/PrivateFrameworks/perfdata.framework/Versions/A/perfdata
0x00000001ab6ac000 	/System/Library/PrivateFrameworks/AssertionServices.framework/Versions/A/AssertionServices
0x00000001a3895000 	/System/Library/PrivateFrameworks/AudioToolboxCore.framework/Versions/A/AudioToolboxCore
0x00000001aa22a000 	/System/Library/PrivateFrameworks/caulk.framework/Versions/A/caulk
0x00000001bdeec000 	/System/Library/PrivateFrameworks/SystemPolicy.framework/Versions/A/SystemPolicy
0x00000001ac946000 	/usr/lib/libIOReport.dylib
0x00000001ae9ba000 	/usr/lib/libSMC.dylib
0x00000001ad61a000 	/usr/lib/libAudioToolboxUtility.dylib
0x00000001be871000 	/usr/lib/libmis.dylib
0x00000001e44fd000 	/System/Library/Frameworks/OpenGL.framework/Versions/A/Libraries/libGLU.dylib
0x00000001e44bb000 	/System/Library/Frameworks/OpenGL.framework/Versions/A/Libraries/libGFXShared.dylib
0x00000001e46a3000 	/System/Library/Frameworks/OpenGL.framework/Versions/A/Libraries/libGL.dylib
0x00000001e44c4000 	/System/Library/Frameworks/OpenGL.framework/Versions/A/Libraries/libGLImage.dylib
0x00000001e44b8000 	/System/Library/Frameworks/OpenGL.framework/Versions/A/Libraries/libCVMSPluginSupport.dylib
0x00000001e44a2000 	/System/Library/Frameworks/OpenGL.framework/Versions/A/Libraries/libCoreVMClient.dylib
0x00000001b541a000 	/System/Library/PrivateFrameworks/ASEProcessing.framework/Versions/A/ASEProcessing
0x00000001acc85000 	/System/Library/PrivateFrameworks/GraphVisualizer.framework/Versions/A/GraphVisualizer
0x00000001acc93000 	/System/Library/PrivateFrameworks/FaceCore.framework/Versions/A/FaceCore
0x00000001ad0a6000 	/System/Library/PrivateFrameworks/OTSVG.framework/Versions/A/OTSVG
0x00000001a8b02000 	/System/Library/Frameworks/ApplicationServices.framework/Versions/A/Frameworks/ATS.framework/Versions/A/Resources/libFontRegistry.dylib
0x00000001ad0ee000 	/System/Library/PrivateFrameworks/FontServices.framework/libhvf.dylib
0x00000001e483e000 	/System/Library/Frameworks/OpenCL.framework/Versions/A/OpenCL
0x00000001acad5000 	/System/Library/PrivateFrameworks/AppleVA.framework/Versions/A/AppleVA
0x00000001ae806000 	/System/Library/Frameworks/ApplicationServices.framework/Versions/A/Frameworks/ATS.framework/Versions/A/ATS
0x00000001aeb19000 	/System/Library/Frameworks/ApplicationServices.framework/Versions/A/Frameworks/ColorSyncLegacy.framework/Versions/A/ColorSyncLegacy
0x00000001a77c7000 	/System/Library/Frameworks/ApplicationServices.framework/Versions/A/Frameworks/HIServices.framework/Versions/A/HIServices
0x00000001aeaf8000 	/System/Library/Frameworks/ApplicationServices.framework/Versions/A/Frameworks/LangAnalysis.framework/Versions/A/LangAnalysis
0x00000001ad75e000 	/System/Library/Frameworks/ApplicationServices.framework/Versions/A/Frameworks/PrintCore.framework/Versions/A/PrintCore
0x00000001aeb21000 	/System/Library/Frameworks/ApplicationServices.framework/Versions/A/Frameworks/QD.framework/Versions/A/QD
0x00000001ae7f2000 	/System/Library/Frameworks/ApplicationServices.framework/Versions/A/Frameworks/SpeechSynthesis.framework/Versions/A/SpeechSynthesis
0x00000001ad71f000 	/System/Library/Frameworks/ApplicationServices.framework/Versions/A/Frameworks/ATSUI.framework/Versions/A/ATSUI
0x00000001aea9a000 	/usr/lib/libcups.2.dylib
0x00000001aeb0c000 	/System/Library/PrivateFrameworks/NetAuth.framework/Versions/A/NetAuth
0x00000001af138000 	/System/Library/Frameworks/Kerberos.framework/Versions/A/Kerberos
0x00000001af149000 	/System/Library/Frameworks/GSS.framework/Versions/A/GSS
0x00000001ae875000 	/usr/lib/libresolv.9.dylib
0x00000001ad104000 	/System/Library/PrivateFrameworks/Heimdal.framework/Versions/A/Heimdal
0x00000001b4a05000 	/System/Library/Frameworks/Kerberos.framework/Versions/A/Libraries/libHeimdalProxy.dylib
0x00000001a82bb000 	/System/Library/Frameworks/Network.framework/Versions/A/Network
0x00000001acb3b000 	/usr/lib/libheimdal-asn1.dylib
0x00000001af191000 	/System/Library/PrivateFrameworks/CommonAuth.framework/Versions/A/CommonAuth
0x00000001a8f2d000 	/System/Library/PrivateFrameworks/login.framework/Versions/A/Frameworks/loginsupport.framework/Versions/A/loginsupport
0x00000001ae777000 	/System/Library/PrivateFrameworks/AudioSession.framework/Versions/A/AudioSession
0x00000001ae7df000 	/usr/lib/libAudioStatistics.dylib
0x00000001acbbb000 	/System/Library/PrivateFrameworks/MediaExperience.framework/Versions/A/MediaExperience
0x00000001ae618000 	/System/Library/PrivateFrameworks/AudioSession.framework/libSessionUtility.dylib
0x00000001af12a000 	/usr/lib/libperfcheck.dylib
0x00000001aeb2d000 	/System/Library/PrivateFrameworks/AudioResourceArbitration.framework/Versions/A/AudioResourceArbitration
0x00000001acb44000 	/System/Library/PrivateFrameworks/IconFoundation.framework/Versions/A/IconFoundation
0x00000001b15cc000 	/System/Library/PrivateFrameworks/SpeechRecognitionCore.framework/Versions/A/SpeechRecognitionCore
0x0000000107000000 	/Users/brettcrawford/Library/Java/JavaVirtualMachines/liberica-11.0.11/lib/server/libjvm.dylib
0x00000001029f8000 	/Users/brettcrawford/Library/Java/JavaVirtualMachines/liberica-11.0.11/lib/libverify.dylib
0x0000000102a10000 	/Users/brettcrawford/Library/Java/JavaVirtualMachines/liberica-11.0.11/lib/libjava.dylib
0x0000000102a48000 	/Users/brettcrawford/Library/Java/JavaVirtualMachines/liberica-11.0.11/lib/libjimage.dylib
0x0000000102a64000 	/Users/brettcrawford/Library/Java/JavaVirtualMachines/liberica-11.0.11/lib/libinstrument.dylib
0x0000000102ac4000 	/Users/brettcrawford/Library/Java/JavaVirtualMachines/liberica-11.0.11/lib/libzip.dylib
0x0000000102b68000 	/Users/brettcrawford/Library/Java/JavaVirtualMachines/liberica-11.0.11/lib/libnio.dylib
0x0000000102b88000 	/Users/brettcrawford/Library/Java/JavaVirtualMachines/liberica-11.0.11/lib/libnet.dylib
0x0000000102bac000 	/Users/brettcrawford/Library/Java/JavaVirtualMachines/liberica-11.0.11/lib/libextnet.dylib
0x0000000102bc0000 	/Users/brettcrawford/Library/Java/JavaVirtualMachines/liberica-11.0.11/lib/libmanagement.dylib
0x0000000102bd4000 	/Users/brettcrawford/Library/Java/JavaVirtualMachines/liberica-11.0.11/lib/libmanagement_ext.dylib


VM Arguments:
jvm_args: -XX:TieredStopAtLevel=1 -Xverify:none -Dspring.output.ansi.enabled=always -javaagent:/Applications/IntelliJ IDEA.app/Contents/lib/idea_rt.jar=59903:/Applications/IntelliJ IDEA.app/Contents/bin -Dcom.sun.management.jmxremote -Dspring.jmx.enabled=true -Dspring.liveBeansView.mbeanDomain -Dspring.application.admin.enabled=true -Dfile.encoding=UTF-8 
java_command: com.codeup.catdemo.CatdemoApplication
java_class_path (initial): /Users/brettcrawford/IdeaProjects/catdemo/target/classes:/Users/brettcrawford/.m2/repository/org/springframework/boot/spring-boot-starter-thymeleaf/2.5.2/spring-boot-starter-thymeleaf-2.5.2.jar:/Users/brettcrawford/.m2/repository/org/springframework/boot/spring-boot-starter/2.5.2/spring-boot-starter-2.5.2.jar:/Users/brettcrawford/.m2/repository/org/springframework/boot/spring-boot/2.5.2/spring-boot-2.5.2.jar:/Users/brettcrawford/.m2/repository/org/springframework/boot/spring-boot-autoconfigure/2.5.2/spring-boot-autoconfigure-2.5.2.jar:/Users/brettcrawford/.m2/repository/org/springframework/boot/spring-boot-starter-logging/2.5.2/spring-boot-starter-logging-2.5.2.jar:/Users/brettcrawford/.m2/repository/ch/qos/logback/logback-classic/1.2.3/logback-classic-1.2.3.jar:/Users/brettcrawford/.m2/repository/ch/qos/logback/logback-core/1.2.3/logback-core-1.2.3.jar:/Users/brettcrawford/.m2/repository/org/apache/logging/log4j/log4j-to-slf4j/2.14.1/log4j-to-slf4j-2.14.1.jar:/Users/brettcrawford/.m2/repository/org/apache/logging/log4j/log4j-api/2.14.1/log4j-api-2.14.1.jar:/Users/brettcrawford/.m2/repository/org/slf4j/jul-to-slf4j/1.7.31/jul-to-slf4j-1.7.31.jar:/Users/brettcrawford/.m2/repository/jakarta/annotation/jakarta.annotation-api/1.3.5/jakarta.annotation-api-1.3.5.jar:/Users/brettcrawford/.m2/repository/org/yaml/snakeyaml/1.28/snakeyaml-1.28.jar:/Users/brettcrawford/.m2/repository/org/thymeleaf/thymeleaf-spring5/3.0.12.RELEASE/thymeleaf-spring5-3.0.12.RELEASE.jar:/Users/brettcrawford/.m2/repository/org/thymeleaf/thymeleaf/3.0.12.RELEASE/thymeleaf-3.0.12.RELEASE.jar:/Users/brettcrawford/.m2/repository/org/attoparser/attoparser/2.0.5.RELEASE/attoparser-2.0.5.RELEASE.jar:/Users/brettcrawford/.m2/repository/org/unbescape/unbescape/1.1.6.RELEASE/unbescape-1.1.6.RELEASE.jar:/Users/brettcrawford/.m2/repository/org/slf4j/slf4j-api/1.7.31/slf4j-api-1.7.31.jar:/Users/brettcrawford/.m2/repository/org/thymeleaf/extras/thymeleaf-extras-java8time/3.0.4.RELEAS
Launcher Type: SUN_STANDARD

[Global flags]
     bool BytecodeVerificationLocal                = false                                     {product} {command line}
     bool BytecodeVerificationRemote               = false                                     {product} {command line}
     intx CICompilerCount                          = 4                                         {product} {ergonomic}
     uint ConcGCThreads                            = 2                                         {product} {ergonomic}
     uint G1ConcRefinementThreads                  = 8                                         {product} {ergonomic}
   size_t G1HeapRegionSize                         = 1048576                                   {product} {ergonomic}
    uintx GCDrainStackTargetSize                   = 64                                        {product} {ergonomic}
   size_t InitialHeapSize                          = 134217728                                 {product} {ergonomic}
     bool ManagementServer                         = true                                      {product} {command line}
   size_t MarkStackSize                            = 4194304                                   {product} {ergonomic}
   size_t MaxHeapSize                              = 2147483648                                {product} {ergonomic}
   size_t MaxNewSize                               = 1287651328                                {product} {ergonomic}
   size_t MinHeapDeltaBytes                        = 1048576                                   {product} {ergonomic}
    uintx NonNMethodCodeHeapSize                   = 7549744                                {pd product} {ergonomic}
    uintx NonProfiledCodeHeapSize                  = 244108496                              {pd product} {ergonomic}
    uintx ProfiledCodeHeapSize                     = 0                                      {pd product} {ergonomic}
    uintx ReservedCodeCacheSize                    = 251658240                              {pd product} {ergonomic}
     bool SegmentedCodeCache                       = true                                      {product} {ergonomic}
     intx TieredStopAtLevel                        = 1                                         {product} {command line}
     bool UseCompressedClassPointers               = true                                 {lp64_product} {ergonomic}
     bool UseCompressedOops                        = true                                 {lp64_product} {ergonomic}
     bool UseG1GC                                  = true                                      {product} {ergonomic}

Logging:
Log output configuration:
 #0: stdout all=warning uptime,level,tags
 #1: stderr all=off uptime,level,tags

Environment Variables:
PATH=/usr/local/bin:/usr/bin:/bin:/usr/sbin:/sbin:/opt/homebrew/bin:/Library/Apple/usr/bin
SHELL=/bin/zsh
LC_CTYPE=en_US.UTF-8

Signal Handlers:
SIGSEGV: [libjvm.dylib+0x6b9744], sa_mask[0]=11111111011111110111111111111111, sa_flags=SA_ONSTACK|SA_RESTART|SA_SIGINFO
SIGBUS: [libjvm.dylib+0x6b9744], sa_mask[0]=11111111011111110111111111111111, sa_flags=SA_RESTART|SA_SIGINFO
SIGFPE: [libjvm.dylib+0x6b9744], sa_mask[0]=11111111011111110111111111111111, sa_flags=SA_RESTART|SA_SIGINFO
SIGPIPE: [libjvm.dylib+0x576184], sa_mask[0]=11111111011111110111111111111111, sa_flags=SA_RESTART|SA_SIGINFO
SIGXFSZ: [libjvm.dylib+0x576184], sa_mask[0]=11111111011111110111111111111111, sa_flags=SA_RESTART|SA_SIGINFO
SIGILL: [libjvm.dylib+0x6b9744], sa_mask[0]=11111111011111110111111111111111, sa_flags=SA_RESTART|SA_SIGINFO
SIGUSR2: [libjvm.dylib+0x576784], sa_mask[0]=00100000000000000000000000000000, sa_flags=SA_RESTART|SA_SIGINFO
SIGHUP: [libjvm.dylib+0x574ef8], sa_mask[0]=11111111011111110111111111111111, sa_flags=SA_RESTART|SA_SIGINFO
SIGINT: [libjvm.dylib+0x574ef8], sa_mask[0]=11111111011111110111111111111111, sa_flags=SA_RESTART|SA_SIGINFO
SIGTERM: [libjvm.dylib+0x574ef8], sa_mask[0]=11111111011111110111111111111111, sa_flags=SA_RESTART|SA_SIGINFO
SIGQUIT: [libjvm.dylib+0x574ef8], sa_mask[0]=11111111011111110111111111111111, sa_flags=SA_RESTART|SA_SIGINFO


---------------  S Y S T E M  ---------------

OS:uname:Darwin 20.5.0 Darwin Kernel Version 20.5.0: Sat May  8 05:10:31 PDT 2021; root:xnu-7195.121.3~9/RELEASE_ARM64_T8101 arm64
OS uptime: 0 days 5:16 hours
rlimit (soft/hard): STACK 8176k/65520k , CORE 0k/infinity , NPROC 1333/2000 , NOFILE 10240/infinity , AS infinity/infinity , CPU infinity/infinity , DATA infinity/infinity , FSIZE infinity/infinity , MEMLOCK infinity/infinity , RSS infinity/infinity
load average:1.27 1.48 1.53

CPU:total 8 (initial active 8) 0x61:0x0:0x1b588bb3:0, simd, crc, lse

Memory: 16k page, physical 8388608k(96992k free), swap 1048576k(530944k free)

vm_info: OpenJDK 64-Bit Server VM (11.0.11+9-LTS) for bsd-aarch64 JRE (11.0.11+9-LTS), built on Apr 15 2021 02:51:37 by "bellsoft" with gcc Apple LLVM 12.0.0 (clang-1200.0.32.28)

END.
